#
# A fatal error has been detected by the Java Runtime Environment:
#
#  SIGSEGV (0xb) at pc=0x000073715a676c06, pid=623171, tid=623222
#
# JRE version: OpenJDK Runtime Environment (21.0.6+7) (build 21.0.6+7-Ubuntu-124.04.1)
# Java VM: OpenJDK 64-Bit Server VM (21.0.6+7-Ubuntu-124.04.1, mixed mode, sharing, tiered, compressed oops, compressed class ptrs, g1 gc, linux-amd64)
# Problematic frame:
# V  [libjvm.so+0x676c06]  CompiledMethod::cleanup_inline_caches_impl(bool, bool)+0x5a6
#
# Core dump will be written. Default location: Core dumps may be processed with "/usr/share/apport/apport -p%p -s%s -c%c -d%d -P%P -u%u -g%g -- %E" (or dumping to /home/phoenix/IdeaProjects/spring-boot-demo/core.623171)
#
# If you would like to submit a bug report, please visit:
#   https://bugs.launchpad.net/ubuntu/+source/openjdk-21
#

---------------  S U M M A R Y ------------

Command Line: -Djansi.mode=force -Dclassworlds.conf=/usr/share/maven/bin/m2.conf -Dmaven.home=/usr/share/maven -Dlibrary.jansi.path=/usr/share/maven/lib/jansi-native -Dmaven.multiModuleProjectDirectory=/home/phoenix/IdeaProjects/spring-boot-demo org.codehaus.plexus.classworlds.launcher.Launcher clean package

Host: Intel(R) Core(TM) i7-9750H CPU @ 2.60GHz, 12 cores, 15G, Ubuntu 24.04.2 LTS
Time: Sun Mar  9 17:57:42 2025 IST elapsed time: 1.801170 seconds (0d 0h 0m 1s)

---------------  T H R E A D  ---------------

Current thread (0x00007370c800b190):  WorkerThread "GC Thread#5"    [id=623222, stack(0x000073713022b000,0x000073713032b000) (1024K)]

Stack: [0x000073713022b000,0x000073713032b000],  sp=0x0000737130329b10,  free space=1018k
Native frames: (J=compiled Java code, j=interpreted, Vv=VM code, C=native code)
V  [libjvm.so+0x676c06]  CompiledMethod::cleanup_inline_caches_impl(bool, bool)+0x5a6
V  [libjvm.so+0x67702d]  CompiledMethod::unload_nmethod_caches(bool)+0x6d
V  [libjvm.so+0xcb95ec]  nmethod::do_unloading(bool)+0xac
V  [libjvm.so+0xd22d7d]  CodeCacheUnloadingTask::work(unsigned int)+0x8d
V  [libjvm.so+0x81d96b]  G1ParallelCleaningTask::work(unsigned int)+0x2b
V  [libjvm.so+0x103edd0]  WorkerThread::run()+0x80
V  [libjvm.so+0xf83ae7]  Thread::call_run()+0xa7
V  [libjvm.so+0xcfc025]  thread_native_entry(Thread*)+0xd5
C  [libc.so.6+0x9caa4]

siginfo: si_signo: 11 (SIGSEGV), si_code: 1 (SEGV_MAPERR), si_addr: 0x0000000000000100

Registers:
RAX=0x0000000000000100, RBX=0x000073713ceb2210, RCX=0x0000000000000100, RDX=0x000073713ceb63f6
RSP=0x0000737130329b10, RBP=0x0000737130329c30, RSI=0x0000000000000000, RDI=0x000073713ceb63f5
R8 =0x000073715b1b63f4, R9 =0x0000000000000001, R10=0x000073715b86a000, R11=0x0000000000000246
R12=0x0000737130329b60, R13=0x000073715b1c21a4, R14=0x0000737130329bd0, R15=0x000073715b4f1e80
RIP=0x000073715a676c06, EFLAGS=0x0000000000010206, CSGSFS=0x002b000000000033, ERR=0x0000000000000004
  TRAPNO=0x000000000000000e

XMM[0]=0x0000000000000000 0x0000000000000000
XMM[1]=0x00007370c800b580 0x00007370c800b570
XMM[2]=0x0000000000000000 0x406a800000000000
XMM[3]=0x00000000000002b8 0x000000000000010a
XMM[4]=0x0000000000000000 0xe28a151ce28a8248
XMM[5]=0xe28a819d00000000 0x0000000000000000
XMM[6]=0x00000001123b531e 0x0000000069f70d44
XMM[7]=0xe28a160600000000 0x00000000e28a839e
XMM[8]=0x00000000e28a838c 0x0000000000000000
XMM[9]=0x0000000000000000 0x0000000000000000
XMM[10]=0x3f3f3f3f3f3f3f3f 0x3f3f3f3f3f3f3f3f
XMM[11]=0x9999999999999999 0x9999999999999999
XMM[12]=0x2020202020202020 0x2020202020202020
XMM[13]=0x0000000000000000 0x0000000000000000
XMM[14]=0x0000000000000000 0x0000000000000000
XMM[15]=0x0000000000000000 0x0000000000000000
  MXCSR=0x00001fa0


Register to memory mapping:

RAX=0x0000000000000100 is an unknown value
RBX=0x000073713ceb2210 is at entry_point+-1744 in (nmethod*)0x000073713ceb2210
Compiled method (c1) 1805 3563   !   3       org.eclipse.aether.internal.impl.collect.DefaultDependencyCollector::processDependency (628 bytes)
 total in heap  [0x000073713ceb2210,0x000073713ceb8278] = 24680
 relocation     [0x000073713ceb2368,0x000073713ceb28e0] = 1400
 main code      [0x000073713ceb28e0,0x000073713ceb63f0] = 15120
 stub code      [0x000073713ceb63f0,0x000073713ceb6630] = 576
 oops           [0x000073713ceb6630,0x000073713ceb6650] = 32
 metadata       [0x000073713ceb6650,0x000073713ceb67b0] = 352
 scopes data    [0x000073713ceb67b0,0x000073713ceb76a8] = 3832
 scopes pcs     [0x000073713ceb76a8,0x000073713ceb8048] = 2464
 dependencies   [0x000073713ceb8048,0x000073713ceb8088] = 64
 handler table  [0x000073713ceb8088,0x000073713ceb80d0] = 72
 nul chk table  [0x000073713ceb80d0,0x000073713ceb8278] = 424
RCX=0x0000000000000100 is an unknown value
RDX=0x000073713ceb63f6 is at entry_point+15126 in (nmethod*)0x000073713ceb2210
Compiled method (c1) 1805 3563   !   3       org.eclipse.aether.internal.impl.collect.DefaultDependencyCollector::processDependency (628 bytes)
 total in heap  [0x000073713ceb2210,0x000073713ceb8278] = 24680
 relocation     [0x000073713ceb2368,0x000073713ceb28e0] = 1400
 main code      [0x000073713ceb28e0,0x000073713ceb63f0] = 15120
 stub code      [0x000073713ceb63f0,0x000073713ceb6630] = 576
 oops           [0x000073713ceb6630,0x000073713ceb6650] = 32
 metadata       [0x000073713ceb6650,0x000073713ceb67b0] = 352
 scopes data    [0x000073713ceb67b0,0x000073713ceb76a8] = 3832
 scopes pcs     [0x000073713ceb76a8,0x000073713ceb8048] = 2464
 dependencies   [0x000073713ceb8048,0x000073713ceb8088] = 64
 handler table  [0x000073713ceb8088,0x000073713ceb80d0] = 72
 nul chk table  [0x000073713ceb80d0,0x000073713ceb8278] = 424
RSP=0x0000737130329b10 points into unknown readable memory: 0x00007371319f8138 | 38 81 9f 31 71 73 00 00
RBP=0x0000737130329c30 points into unknown readable memory: 0x0000737130329cb0 | b0 9c 32 30 71 73 00 00
RSI=0x0 is null
RDI=0x000073713ceb63f5 is at entry_point+15125 in (nmethod*)0x000073713ceb2210
Compiled method (c1) 1805 3563   !   3       org.eclipse.aether.internal.impl.collect.DefaultDependencyCollector::processDependency (628 bytes)
 total in heap  [0x000073713ceb2210,0x000073713ceb8278] = 24680
 relocation     [0x000073713ceb2368,0x000073713ceb28e0] = 1400
 main code      [0x000073713ceb28e0,0x000073713ceb63f0] = 15120
 stub code      [0x000073713ceb63f0,0x000073713ceb6630] = 576
 oops           [0x000073713ceb6630,0x000073713ceb6650] = 32
 metadata       [0x000073713ceb6650,0x000073713ceb67b0] = 352
 scopes data    [0x000073713ceb67b0,0x000073713ceb76a8] = 3832
 scopes pcs     [0x000073713ceb76a8,0x000073713ceb8048] = 2464
 dependencies   [0x000073713ceb8048,0x000073713ceb8088] = 64
 handler table  [0x000073713ceb8088,0x000073713ceb80d0] = 72
 nul chk table  [0x000073713ceb80d0,0x000073713ceb8278] = 424
R8 =0x000073715b1b63f4: <offset 0x00000000011b63f4> in /usr/lib/jvm/java-21-openjdk-amd64/lib/server/libjvm.so at 0x000073715a000000
R9 =0x0000000000000001 is an unknown value
R10=0x000073715b86a000 points into unknown readable memory: 0x0100050403020100 | 00 01 02 03 04 05 00 01
R11=0x0000000000000246 is an unknown value
R12=0x0000737130329b60 points into unknown readable memory: 0x0000000000000000 | 00 00 00 00 00 00 00 00
R13=0x000073715b1c21a4: <offset 0x00000000011c21a4> in /usr/lib/jvm/java-21-openjdk-amd64/lib/server/libjvm.so at 0x000073715a000000
R14=0x0000737130329bd0 points into unknown readable memory: 0x000073715b3fb6f0 | f0 b6 3f 5b 71 73 00 00
R15=0x000073715b4f1e80: <offset 0x00000000014f1e80> in /usr/lib/jvm/java-21-openjdk-amd64/lib/server/libjvm.so at 0x000073715a000000

Top of Stack: (sp=0x0000737130329b10)
0x0000737130329b10:   00007371319f8138 00000000000003d8
0x0000737130329b20:   00007370c800b570 00007370c800b580
0x0000737130329b30:   00007370c800b958 00007370c800b580
0x0000737130329b40:   00007370c800b570 000073713ceb2210
0x0000737130329b50:   00007370c800b530 000000002ebec5fc
0x0000737130329b60:   0000000000000000 000073713ceb2760
0x0000737130329b70:   000073713ceb28e0 000073713ceb2210
0x0000737130329b80:   000073713ceb63f5 000073713032000a
0x0000737130329b90:   000073713ceb275c 000073715acb0000
0x0000737130329ba0:   000073713ceb28e0 000073713ceb28e0
0x0000737130329bb0:   000073713ceb63f0 000073713ceb28e0
0x0000737130329bc0:   000073713ceb63f0 000073713ceb6630
0x0000737130329bd0:   000073715b3fb6f0 0000737130329b60
0x0000737130329be0:   000000000000000c 0000737100000000
0x0000737130329bf0:   0000737100000000 000073713ceb1640
0x0000737130329c00:   000073713ceb17f8 000073713ceb2210
0x0000737130329c10:   0000000000000000 00007370c800b530
0x0000737130329c20:   0000000000000004 0000737130329cfc
0x0000737130329c30:   0000737130329cb0 000073715a67702d
0x0000737130329c40:   0000737130329cd8 00000000000003d8
0x0000737130329c50:   00007370c800b570 00007370c800b580
0x0000737130329c60:   00007370c800b958 00007370c800b580
0x0000737130329c70:   00007370c800b570 000073713ceb2210
0x0000737130329c80:   0000737130329cb0 000073713ceb2210
0x0000737130329c90:   0000000000000002 0000000000000000
0x0000737130329ca0:   0000000000000004 0000737130329cfc
0x0000737130329cb0:   0000737130329ce0 000073715acb95ec
0x0000737130329cc0:   0000737130329d38 00007371319f8478
0x0000737130329cd0:   0000737130329d80 0000737130329d00
0x0000737130329ce0:   0000737130329db0 000073715ad22d7d
0x0000737130329cf0:   0000737130329de0 000000105a7d72cf
0x0000737130329d00:   000073713cead010 000073713ceae890 

Instructions: (pc=0x000073715a676c06)
0x000073715a676b06:   00 00 48 8b 03 48 89 df ff 90 00 02 00 00 4c 89
0x000073715a676b16:   f7 83 f0 01 0f b6 f0 e8 2e d5 ff ff 84 c0 0f 85
0x000073715a676b26:   3f fe ff ff 31 db e9 c8 fc ff ff 0f 1f 80 00 00
0x000073715a676b36:   00 00 48 89 c2 0f b6 85 18 ff ff ff 88 85 20 ff
0x000073715a676b46:   ff ff e9 96 fd ff ff 0f 1f 00 31 f6 bf 20 00 00
0x000073715a676b56:   00 e8 44 92 72 00 4c 89 e6 49 89 c6 48 89 c7 e8
0x000073715a676b66:   76 ce ff ff 4c 89 f7 e8 7e cb ff ff 0f b6 8d 2f
0x000073715a676b76:   ff ff ff 48 89 da 4c 89 f7 48 89 c6 e8 49 e1 ff
0x000073715a676b86:   ff 84 c0 0f 84 cb 01 00 00 48 8b 95 38 ff ff ff
0x000073715a676b96:   e9 30 fc ff ff 0f 1f 44 00 00 48 89 c2 45 84 ff
0x000073715a676ba6:   0f 84 1f fc ff ff 48 8b 03 48 89 df ff 90 00 02
0x000073715a676bb6:   00 00 84 c0 0f 85 08 02 00 00 0f b6 05 b1 b2 e7
0x000073715a676bc6:   00 84 c0 0f 84 90 02 00 00 4c 8d 3d aa b2 e7 00
0x000073715a676bd6:   49 8b 17 4c 8d 75 a0 4c 89 ff 4c 89 f6 ff 52 10
0x000073715a676be6:   4c 89 f7 4c 89 65 a8 e8 6e ed 71 00 4c 89 f7 e8
0x000073715a676bf6:   06 13 72 00 48 89 c1 48 85 c0 0f 84 c2 01 00 00
0x000073715a676c06:   48 8b 00 48 89 8d 18 ff ff ff 48 89 cf ff 50 10
0x000073715a676c16:   48 8b 95 38 ff ff ff 48 8b 8d 18 ff ff ff 84 c0
0x000073715a676c26:   41 89 c7 0f 84 9c fb ff ff 48 8b 41 08 48 8b 40
0x000073715a676c36:   08 48 8b 40 18 48 8b b8 98 00 00 00 e8 e9 31 fa
0x000073715a676c46:   ff 41 89 c7 84 c0 0f 85 76 01 00 00 4c 89 f7 e8
0x000073715a676c56:   56 12 72 00 48 c7 00 00 00 00 00 8b 75 b4 48 8b
0x000073715a676c66:   95 38 ff ff ff 85 f6 0f 84 58 fb ff ff 4c 89 f7
0x000073715a676c76:   e8 05 13 72 00 48 8b 95 38 ff ff ff e9 44 fb ff
0x000073715a676c86:   ff 66 0f 1f 84 00 00 00 00 00 48 8b 03 4c 89 e7
0x000073715a676c96:   4c 8b b0 e0 01 00 00 e8 7e fe 71 00 48 89 df 48
0x000073715a676ca6:   89 c6 41 ff d6 48 8d 3d 2e dc ff ff 49 89 c6 48
0x000073715a676cb6:   8b 00 48 8b 00 48 39 f8 0f 85 2c 01 00 00 49 8b
0x000073715a676cc6:   7e 08 e8 d3 c2 63 00 48 89 c7 e8 1b 21 fc ff 48
0x000073715a676cd6:   89 c2 48 85 c0 0f 84 ae fe ff ff 80 78 5d 00 0f
0x000073715a676ce6:   84 a4 fe ff ff 80 bd 2f ff ff ff 00 75 44 48 8b
0x000073715a676cf6:   00 48 8d 3d 02 36 fd ff 48 8b 88 a8 00 00 00 48 


Stack slot to memory mapping:

stack at sp + 0 slots: 0x00007371319f8138 points into unknown readable memory: 0x0000000000000700 | 00 07 00 00 00 00 00 00
stack at sp + 1 slots: 0x00000000000003d8 is an unknown value
stack at sp + 2 slots: 0x00007370c800b570 points into unknown readable memory: 0x00007370a0070c90 | 90 0c 07 a0 70 73 00 00
stack at sp + 3 slots: 0x00007370c800b580 points into unknown readable memory: 0x00007370c800b5a0 | a0 b5 00 c8 70 73 00 00
stack at sp + 4 slots: 0x00007370c800b958 points into unknown readable memory: 0x0000000000000045 | 45 00 00 00 00 00 00 00
stack at sp + 5 slots: 0x00007370c800b580 points into unknown readable memory: 0x00007370c800b5a0 | a0 b5 00 c8 70 73 00 00
stack at sp + 6 slots: 0x00007370c800b570 points into unknown readable memory: 0x00007370a0070c90 | 90 0c 07 a0 70 73 00 00
stack at sp + 7 slots: 0x000073713ceb2210 is at entry_point+-1744 in (nmethod*)0x000073713ceb2210
Compiled method (c1) 1810 3563   !   3       org.eclipse.aether.internal.impl.collect.DefaultDependencyCollector::processDependency (628 bytes)
 total in heap  [0x000073713ceb2210,0x000073713ceb8278] = 24680
 relocation     [0x000073713ceb2368,0x000073713ceb28e0] = 1400
 main code      [0x000073713ceb28e0,0x000073713ceb63f0] = 15120
 stub code      [0x000073713ceb63f0,0x000073713ceb6630] = 576
 oops           [0x000073713ceb6630,0x000073713ceb6650] = 32
 metadata       [0x000073713ceb6650,0x000073713ceb67b0] = 352
 scopes data    [0x000073713ceb67b0,0x000073713ceb76a8] = 3832
 scopes pcs     [0x000073713ceb76a8,0x000073713ceb8048] = 2464
 dependencies   [0x000073713ceb8048,0x000073713ceb8088] = 64
 handler table  [0x000073713ceb8088,0x000073713ceb80d0] = 72
 nul chk table  [0x000073713ceb80d0,0x000073713ceb8278] = 424


---------------  P R O C E S S  ---------------

Threads class SMR info:
_java_thread_list=0x00007370a02ed260, length=12, elements={
0x00007371540198b0, 0x0000737154165310, 0x00007371541669a0, 0x0000737154168140,
0x0000737154169780, 0x000073715416ad20, 0x000073715416c860, 0x000073715416df20,
0x0000737154179dc0, 0x000073715417d0f0, 0x00007370a0091060, 0x00007370a02ec6a0
}

Java Threads: ( => current thread )
  0x00007371540198b0 JavaThread "main"                              [_thread_blocked, id=623193, stack(0x0000737159b00000,0x0000737159c00000) (1024K)]
  0x0000737154165310 JavaThread "Reference Handler"          daemon [_thread_blocked, id=623204, stack(0x00007371317f9000,0x00007371318f9000) (1024K)]
  0x00007371541669a0 JavaThread "Finalizer"                  daemon [_thread_blocked, id=623205, stack(0x0000737131100000,0x0000737131200000) (1024K)]
  0x0000737154168140 JavaThread "Signal Dispatcher"          daemon [_thread_blocked, id=623206, stack(0x0000737131000000,0x0000737131100000) (1024K)]
  0x0000737154169780 JavaThread "Service Thread"             daemon [_thread_blocked, id=623207, stack(0x0000737130f00000,0x0000737131000000) (1024K)]
  0x000073715416ad20 JavaThread "Monitor Deflation Thread"   daemon [_thread_blocked, id=623208, stack(0x0000737130e00000,0x0000737130f00000) (1024K)]
  0x000073715416c860 JavaThread "C2 CompilerThread0"         daemon [_thread_blocked, id=623209, stack(0x0000737130d00000,0x0000737130e00000) (1024K)]
  0x000073715416df20 JavaThread "C1 CompilerThread0"         daemon [_thread_blocked, id=623210, stack(0x0000737130c00000,0x0000737130d00000) (1024K)]
  0x0000737154179dc0 JavaThread "Notification Thread"        daemon [_thread_blocked, id=623211, stack(0x0000737130a2f000,0x0000737130b2f000) (1024K)]
  0x000073715417d0f0 JavaThread "Common-Cleaner"             daemon [_thread_blocked, id=623212, stack(0x000073713092f000,0x0000737130a2f000) (1024K)]
  0x00007370a0091060 JavaThread "C2 CompilerThread1"         daemon [_thread_blocked, id=623215, stack(0x000073713082f000,0x000073713092f000) (1024K)]
  0x00007370a02ec6a0 JavaThread "C2 CompilerThread2"         daemon [_thread_blocked, id=623217, stack(0x000073713072f000,0x000073713082f000) (1024K)]
Total: 12

Other Threads:
  0x000073715415c1f0 VMThread "VM Thread"                           [id=623203, stack(0x00007371318fa000,0x00007371319fa000) (1024K)]
  0x000073715414a490 WatcherThread "VM Periodic Task Thread"        [id=623202, stack(0x00007371319fb000,0x0000737131afb000) (1024K)]
  0x0000737154081f60 WorkerThread "GC Thread#0"                     [id=623197, stack(0x0000737158663000,0x0000737158763000) (1024K)]
  0x00007370c8008650 WorkerThread "GC Thread#1"                     [id=623218, stack(0x000073713062f000,0x000073713072f000) (1024K)]
  0x00007370c80090c0 WorkerThread "GC Thread#2"                     [id=623219, stack(0x000073713052e000,0x000073713062e000) (1024K)]
  0x00007370c8009bb0 WorkerThread "GC Thread#3"                     [id=623220, stack(0x000073713042d000,0x000073713052d000) (1024K)]
  0x00007370c800a6a0 WorkerThread "GC Thread#4"                     [id=623221, stack(0x000073713032c000,0x000073713042c000) (1024K)]
=>0x00007370c800b190 WorkerThread "GC Thread#5"                     [id=623222, stack(0x000073713022b000,0x000073713032b000) (1024K)]
  0x00007370c800e250 WorkerThread "GC Thread#6"                     [id=623223, stack(0x000073713012a000,0x000073713022a000) (1024K)]
  0x00007370c8016360 WorkerThread "GC Thread#7"                     [id=623224, stack(0x0000737130029000,0x0000737130129000) (1024K)]
  0x00007370c8016d90 WorkerThread "GC Thread#8"                     [id=623225, stack(0x0000737127f00000,0x0000737128000000) (1024K)]
  0x00007370c8012810 WorkerThread "GC Thread#9"                     [id=623233, stack(0x0000737127c14000,0x0000737127d14000) (1024K)]
  0x0000737154092d20 ConcurrentGCThread "G1 Main Marker"            [id=623198, stack(0x0000737158562000,0x0000737158662000) (1024K)]
  0x0000737154093cd0 WorkerThread "G1 Conc#0"                       [id=623199, stack(0x0000737158461000,0x0000737158561000) (1024K)]
  0x000073712c000d80 WorkerThread "G1 Conc#1"                       [id=623234, stack(0x0000737127b13000,0x0000737127c13000) (1024K)]
  0x000073712c0018b0 WorkerThread "G1 Conc#2"                       [id=623235, stack(0x0000737127a12000,0x0000737127b12000) (1024K)]
  0x000073715412f970 ConcurrentGCThread "G1 Refine#0"               [id=623200, stack(0x0000737131bfd000,0x0000737131cfd000) (1024K)]
  0x0000737154130930 ConcurrentGCThread "G1 Service"                [id=623201, stack(0x0000737131afc000,0x0000737131bfc000) (1024K)]
Total: 18

Threads with active compile tasks:
C1 CompilerThread0  1811 4172       3       com.sun.tools.javac.util.UnsharedNameTable::fromValidUtf (224 bytes)
Total: 1

VM state: at safepoint (normal execution)

VM Mutex/Monitor currently owned by a thread:  ([mutex/lock_event])
[0x000073715b519cf8] Threads_lock - owner thread: 0x000073715415c1f0
[0x000073715b519bf8] Heap_lock - owner thread: 0x0000737154092d20

Heap address: 0x0000000708600000, size: 3962 MB, Compressed Oops mode: Zero based, Oop shift amount: 3

CDS archive(s) mapped at: [0x00007370db000000-0x00007370dbc97000-0x00007370dbc97000), size 13201408, SharedBaseAddress: 0x00007370db000000, ArchiveRelocationMode: 1.
Compressed class space mapped at: 0x00007370dc000000-0x000073711c000000, reserved size: 1073741824
Narrow klass base: 0x00007370db000000, Narrow klass shift: 0, Narrow klass range: 0x100000000

GC Precious Log:
 CardTable entry size: 512
 Card Set container configuration: InlinePtr #cards 4 size 8 Array Of Cards #cards 16 size 48 Howl #buckets 8 coarsen threshold 3686 Howl Bitmap #cards 512 size 80 coarsen threshold 460 Card regions per heap region 1 cards per card region 4096
 CPUs: 12 total, 12 available
 Memory: 15841M
 Large Page Support: Disabled
 NUMA Support: Disabled
 Compressed Oops: Enabled (Zero based)
 Heap Region Size: 2M
 Heap Min Capacity: 8M
 Heap Initial Capacity: 248M
 Heap Max Capacity: 3962M
 Pre-touch: Disabled
 Parallel Workers: 10
 Concurrent Workers: 3
 Concurrent Refinement Workers: 10
 Periodic GC: Disabled

Heap:
 garbage-first heap   total 256000K, used 23413K [0x0000000708600000, 0x0000000800000000)
  region size 2048K, 10 young (20480K), 9 survivors (18432K)
 Metaspace       used 21420K, committed 21760K, reserved 1114112K
  class space    used 2397K, committed 2560K, reserved 1048576K

Heap Regions: E=young(eden), S=young(survivor), O=old, HS=humongous(starts), HC=humongous(continues), CS=collection set, F=free, TAMS=top-at-mark-start, PB=parsable bottom
|   0|0x0000000708600000, 0x0000000708800000, 0x0000000708800000|100%|HS|  |TAMS 0x0000000708800000| PB 0x0000000708600000| Complete 
|   1|0x0000000708800000, 0x0000000708a00000, 0x0000000708a00000|100%|HS|  |TAMS 0x0000000708a00000| PB 0x0000000708800000| Complete 
|   2|0x0000000708a00000, 0x0000000708a00000, 0x0000000708c00000|  0%| F|  |TAMS 0x0000000708a00000| PB 0x0000000708a00000| Untracked 
|   3|0x0000000708c00000, 0x0000000708c00000, 0x0000000708e00000|  0%| F|  |TAMS 0x0000000708c00000| PB 0x0000000708c00000| Untracked 
|   4|0x0000000708e00000, 0x0000000708e00000, 0x0000000709000000|  0%| F|  |TAMS 0x0000000708e00000| PB 0x0000000708e00000| Untracked 
|   5|0x0000000709000000, 0x0000000709000000, 0x0000000709200000|  0%| F|  |TAMS 0x0000000709000000| PB 0x0000000709000000| Untracked 
|   6|0x0000000709200000, 0x0000000709200000, 0x0000000709400000|  0%| F|  |TAMS 0x0000000709200000| PB 0x0000000709200000| Untracked 
|   7|0x0000000709400000, 0x0000000709400000, 0x0000000709600000|  0%| F|  |TAMS 0x0000000709400000| PB 0x0000000709400000| Untracked 
|   8|0x0000000709600000, 0x0000000709600000, 0x0000000709800000|  0%| F|  |TAMS 0x0000000709600000| PB 0x0000000709600000| Untracked 
|   9|0x0000000709800000, 0x0000000709800000, 0x0000000709a00000|  0%| F|  |TAMS 0x0000000709800000| PB 0x0000000709800000| Untracked 
|  10|0x0000000709a00000, 0x0000000709a00000, 0x0000000709c00000|  0%| F|  |TAMS 0x0000000709a00000| PB 0x0000000709a00000| Untracked 
|  11|0x0000000709c00000, 0x0000000709c00000, 0x0000000709e00000|  0%| F|  |TAMS 0x0000000709c00000| PB 0x0000000709c00000| Untracked 
|  12|0x0000000709e00000, 0x0000000709e00000, 0x000000070a000000|  0%| F|  |TAMS 0x0000000709e00000| PB 0x0000000709e00000| Untracked 
|  13|0x000000070a000000, 0x000000070a000000, 0x000000070a200000|  0%| F|  |TAMS 0x000000070a000000| PB 0x000000070a000000| Untracked 
|  14|0x000000070a200000, 0x000000070a200000, 0x000000070a400000|  0%| F|  |TAMS 0x000000070a200000| PB 0x000000070a200000| Untracked 
|  15|0x000000070a400000, 0x000000070a400000, 0x000000070a600000|  0%| F|  |TAMS 0x000000070a400000| PB 0x000000070a400000| Untracked 
|  16|0x000000070a600000, 0x000000070a600000, 0x000000070a800000|  0%| F|  |TAMS 0x000000070a600000| PB 0x000000070a600000| Untracked 
|  17|0x000000070a800000, 0x000000070a800000, 0x000000070aa00000|  0%| F|  |TAMS 0x000000070a800000| PB 0x000000070a800000| Untracked 
|  18|0x000000070aa00000, 0x000000070aa00000, 0x000000070ac00000|  0%| F|  |TAMS 0x000000070aa00000| PB 0x000000070aa00000| Untracked 
|  19|0x000000070ac00000, 0x000000070ac00000, 0x000000070ae00000|  0%| F|  |TAMS 0x000000070ac00000| PB 0x000000070ac00000| Untracked 
|  20|0x000000070ae00000, 0x000000070ae00000, 0x000000070b000000|  0%| F|  |TAMS 0x000000070ae00000| PB 0x000000070ae00000| Untracked 
|  21|0x000000070b000000, 0x000000070b000000, 0x000000070b200000|  0%| F|  |TAMS 0x000000070b000000| PB 0x000000070b000000| Untracked 
|  22|0x000000070b200000, 0x000000070b200000, 0x000000070b400000|  0%| F|  |TAMS 0x000000070b200000| PB 0x000000070b200000| Untracked 
|  23|0x000000070b400000, 0x000000070b400000, 0x000000070b600000|  0%| F|  |TAMS 0x000000070b400000| PB 0x000000070b400000| Untracked 
|  24|0x000000070b600000, 0x000000070b600000, 0x000000070b800000|  0%| F|  |TAMS 0x000000070b600000| PB 0x000000070b600000| Untracked 
|  25|0x000000070b800000, 0x000000070b800000, 0x000000070ba00000|  0%| F|  |TAMS 0x000000070b800000| PB 0x000000070b800000| Untracked 
|  26|0x000000070ba00000, 0x000000070ba00000, 0x000000070bc00000|  0%| F|  |TAMS 0x000000070ba00000| PB 0x000000070ba00000| Untracked 
|  27|0x000000070bc00000, 0x000000070bc00000, 0x000000070be00000|  0%| F|  |TAMS 0x000000070bc00000| PB 0x000000070bc00000| Untracked 
|  28|0x000000070be00000, 0x000000070be00000, 0x000000070c000000|  0%| F|  |TAMS 0x000000070be00000| PB 0x000000070be00000| Untracked 
|  29|0x000000070c000000, 0x000000070c000000, 0x000000070c200000|  0%| F|  |TAMS 0x000000070c000000| PB 0x000000070c000000| Untracked 
|  30|0x000000070c200000, 0x000000070c200000, 0x000000070c400000|  0%| F|  |TAMS 0x000000070c200000| PB 0x000000070c200000| Untracked 
|  31|0x000000070c400000, 0x000000070c400000, 0x000000070c600000|  0%| F|  |TAMS 0x000000070c400000| PB 0x000000070c400000| Untracked 
|  32|0x000000070c600000, 0x000000070c600000, 0x000000070c800000|  0%| F|  |TAMS 0x000000070c600000| PB 0x000000070c600000| Untracked 
|  33|0x000000070c800000, 0x000000070c800000, 0x000000070ca00000|  0%| F|  |TAMS 0x000000070c800000| PB 0x000000070c800000| Untracked 
|  34|0x000000070ca00000, 0x000000070ca00000, 0x000000070cc00000|  0%| F|  |TAMS 0x000000070ca00000| PB 0x000000070ca00000| Untracked 
|  35|0x000000070cc00000, 0x000000070cc00000, 0x000000070ce00000|  0%| F|  |TAMS 0x000000070cc00000| PB 0x000000070cc00000| Untracked 
|  36|0x000000070ce00000, 0x000000070ce00000, 0x000000070d000000|  0%| F|  |TAMS 0x000000070ce00000| PB 0x000000070ce00000| Untracked 
|  37|0x000000070d000000, 0x000000070d000000, 0x000000070d200000|  0%| F|  |TAMS 0x000000070d000000| PB 0x000000070d000000| Untracked 
|  38|0x000000070d200000, 0x000000070d200000, 0x000000070d400000|  0%| F|  |TAMS 0x000000070d200000| PB 0x000000070d200000| Untracked 
|  39|0x000000070d400000, 0x000000070d400000, 0x000000070d600000|  0%| F|  |TAMS 0x000000070d400000| PB 0x000000070d400000| Untracked 
|  40|0x000000070d600000, 0x000000070d600000, 0x000000070d800000|  0%| F|  |TAMS 0x000000070d600000| PB 0x000000070d600000| Untracked 
|  41|0x000000070d800000, 0x000000070d800000, 0x000000070da00000|  0%| F|  |TAMS 0x000000070d800000| PB 0x000000070d800000| Untracked 
|  42|0x000000070da00000, 0x000000070da00000, 0x000000070dc00000|  0%| F|  |TAMS 0x000000070da00000| PB 0x000000070da00000| Untracked 
|  43|0x000000070dc00000, 0x000000070dc00000, 0x000000070de00000|  0%| F|  |TAMS 0x000000070dc00000| PB 0x000000070dc00000| Untracked 
|  44|0x000000070de00000, 0x000000070de00000, 0x000000070e000000|  0%| F|  |TAMS 0x000000070de00000| PB 0x000000070de00000| Untracked 
|  45|0x000000070e000000, 0x000000070e000000, 0x000000070e200000|  0%| F|  |TAMS 0x000000070e000000| PB 0x000000070e000000| Untracked 
|  46|0x000000070e200000, 0x000000070e200000, 0x000000070e400000|  0%| F|  |TAMS 0x000000070e200000| PB 0x000000070e200000| Untracked 
|  47|0x000000070e400000, 0x000000070e400000, 0x000000070e600000|  0%| F|  |TAMS 0x000000070e400000| PB 0x000000070e400000| Untracked 
|  48|0x000000070e600000, 0x000000070e600000, 0x000000070e800000|  0%| F|  |TAMS 0x000000070e600000| PB 0x000000070e600000| Untracked 
|  49|0x000000070e800000, 0x000000070e800000, 0x000000070ea00000|  0%| F|  |TAMS 0x000000070e800000| PB 0x000000070e800000| Untracked 
|  50|0x000000070ea00000, 0x000000070ea00000, 0x000000070ec00000|  0%| F|  |TAMS 0x000000070ea00000| PB 0x000000070ea00000| Untracked 
|  51|0x000000070ec00000, 0x000000070ec00000, 0x000000070ee00000|  0%| F|  |TAMS 0x000000070ec00000| PB 0x000000070ec00000| Untracked 
|  52|0x000000070ee00000, 0x000000070ee00000, 0x000000070f000000|  0%| F|  |TAMS 0x000000070ee00000| PB 0x000000070ee00000| Untracked 
|  53|0x000000070f000000, 0x000000070f000000, 0x000000070f200000|  0%| F|  |TAMS 0x000000070f000000| PB 0x000000070f000000| Untracked 
|  54|0x000000070f200000, 0x000000070f200000, 0x000000070f400000|  0%| F|  |TAMS 0x000000070f200000| PB 0x000000070f200000| Untracked 
|  55|0x000000070f400000, 0x000000070f400000, 0x000000070f600000|  0%| F|  |TAMS 0x000000070f400000| PB 0x000000070f400000| Untracked 
|  56|0x000000070f600000, 0x000000070f600000, 0x000000070f800000|  0%| F|  |TAMS 0x000000070f600000| PB 0x000000070f600000| Untracked 
|  57|0x000000070f800000, 0x000000070f800000, 0x000000070fa00000|  0%| F|  |TAMS 0x000000070f800000| PB 0x000000070f800000| Untracked 
|  58|0x000000070fa00000, 0x000000070fa00000, 0x000000070fc00000|  0%| F|  |TAMS 0x000000070fa00000| PB 0x000000070fa00000| Untracked 
|  59|0x000000070fc00000, 0x000000070fc00000, 0x000000070fe00000|  0%| F|  |TAMS 0x000000070fc00000| PB 0x000000070fc00000| Untracked 
|  60|0x000000070fe00000, 0x000000070fe00000, 0x0000000710000000|  0%| F|  |TAMS 0x000000070fe00000| PB 0x000000070fe00000| Untracked 
|  61|0x0000000710000000, 0x0000000710000000, 0x0000000710200000|  0%| F|  |TAMS 0x0000000710000000| PB 0x0000000710000000| Untracked 
|  62|0x0000000710200000, 0x0000000710200000, 0x0000000710400000|  0%| F|  |TAMS 0x0000000710200000| PB 0x0000000710200000| Untracked 
|  63|0x0000000710400000, 0x0000000710400000, 0x0000000710600000|  0%| F|  |TAMS 0x0000000710400000| PB 0x0000000710400000| Untracked 
|  64|0x0000000710600000, 0x00000007107d0e70, 0x0000000710800000| 90%| S|CS|TAMS 0x0000000710600000| PB 0x0000000710600000| Complete 
|  65|0x0000000710800000, 0x0000000710a00000, 0x0000000710a00000|100%| S|CS|TAMS 0x0000000710800000| PB 0x0000000710800000| Complete 
|  66|0x0000000710a00000, 0x0000000710c00000, 0x0000000710c00000|100%| S|CS|TAMS 0x0000000710a00000| PB 0x0000000710a00000| Complete 
|  67|0x0000000710c00000, 0x0000000710e00000, 0x0000000710e00000|100%| S|CS|TAMS 0x0000000710c00000| PB 0x0000000710c00000| Complete 
|  68|0x0000000710e00000, 0x0000000711000000, 0x0000000711000000|100%| S|CS|TAMS 0x0000000710e00000| PB 0x0000000710e00000| Complete 
|  69|0x0000000711000000, 0x0000000711200000, 0x0000000711200000|100%| S|CS|TAMS 0x0000000711000000| PB 0x0000000711000000| Complete 
|  70|0x0000000711200000, 0x0000000711400000, 0x0000000711400000|100%| S|CS|TAMS 0x0000000711200000| PB 0x0000000711200000| Complete 
|  71|0x0000000711400000, 0x0000000711600000, 0x0000000711600000|100%| S|CS|TAMS 0x0000000711400000| PB 0x0000000711400000| Complete 
|  72|0x0000000711600000, 0x0000000711800000, 0x0000000711800000|100%| S|CS|TAMS 0x0000000711600000| PB 0x0000000711600000| Complete 
|  73|0x0000000711800000, 0x0000000711800000, 0x0000000711a00000|  0%| F|  |TAMS 0x0000000711800000| PB 0x0000000711800000| Untracked 
|  74|0x0000000711a00000, 0x0000000711a00000, 0x0000000711c00000|  0%| F|  |TAMS 0x0000000711a00000| PB 0x0000000711a00000| Untracked 
|  75|0x0000000711c00000, 0x0000000711c00000, 0x0000000711e00000|  0%| F|  |TAMS 0x0000000711c00000| PB 0x0000000711c00000| Untracked 
|  76|0x0000000711e00000, 0x0000000711e00000, 0x0000000712000000|  0%| F|  |TAMS 0x0000000711e00000| PB 0x0000000711e00000| Untracked 
|  77|0x0000000712000000, 0x0000000712000000, 0x0000000712200000|  0%| F|  |TAMS 0x0000000712000000| PB 0x0000000712000000| Untracked 
|  78|0x0000000712200000, 0x0000000712200000, 0x0000000712400000|  0%| F|  |TAMS 0x0000000712200000| PB 0x0000000712200000| Untracked 
|  79|0x0000000712400000, 0x0000000712400000, 0x0000000712600000|  0%| F|  |TAMS 0x0000000712400000| PB 0x0000000712400000| Untracked 
|  80|0x0000000712600000, 0x0000000712600000, 0x0000000712800000|  0%| F|  |TAMS 0x0000000712600000| PB 0x0000000712600000| Untracked 
|  81|0x0000000712800000, 0x0000000712800000, 0x0000000712a00000|  0%| F|  |TAMS 0x0000000712800000| PB 0x0000000712800000| Untracked 
|  82|0x0000000712a00000, 0x0000000712a00000, 0x0000000712c00000|  0%| F|  |TAMS 0x0000000712a00000| PB 0x0000000712a00000| Untracked 
|  83|0x0000000712c00000, 0x0000000712c00000, 0x0000000712e00000|  0%| F|  |TAMS 0x0000000712c00000| PB 0x0000000712c00000| Untracked 
|  84|0x0000000712e00000, 0x0000000712e00000, 0x0000000713000000|  0%| F|  |TAMS 0x0000000712e00000| PB 0x0000000712e00000| Untracked 
|  85|0x0000000713000000, 0x0000000713000000, 0x0000000713200000|  0%| F|  |TAMS 0x0000000713000000| PB 0x0000000713000000| Untracked 
|  86|0x0000000713200000, 0x0000000713200000, 0x0000000713400000|  0%| F|  |TAMS 0x0000000713200000| PB 0x0000000713200000| Untracked 
|  87|0x0000000713400000, 0x0000000713400000, 0x0000000713600000|  0%| F|  |TAMS 0x0000000713400000| PB 0x0000000713400000| Untracked 
|  88|0x0000000713600000, 0x0000000713600000, 0x0000000713800000|  0%| F|  |TAMS 0x0000000713600000| PB 0x0000000713600000| Untracked 
|  89|0x0000000713800000, 0x0000000713800000, 0x0000000713a00000|  0%| F|  |TAMS 0x0000000713800000| PB 0x0000000713800000| Untracked 
|  90|0x0000000713a00000, 0x0000000713a00000, 0x0000000713c00000|  0%| F|  |TAMS 0x0000000713a00000| PB 0x0000000713a00000| Untracked 
|  91|0x0000000713c00000, 0x0000000713c00000, 0x0000000713e00000|  0%| F|  |TAMS 0x0000000713c00000| PB 0x0000000713c00000| Untracked 
|  92|0x0000000713e00000, 0x0000000713e00000, 0x0000000714000000|  0%| F|  |TAMS 0x0000000713e00000| PB 0x0000000713e00000| Untracked 
|  93|0x0000000714000000, 0x0000000714000000, 0x0000000714200000|  0%| F|  |TAMS 0x0000000714000000| PB 0x0000000714000000| Untracked 
|  94|0x0000000714200000, 0x0000000714200000, 0x0000000714400000|  0%| F|  |TAMS 0x0000000714200000| PB 0x0000000714200000| Untracked 
|  95|0x0000000714400000, 0x0000000714400000, 0x0000000714600000|  0%| F|  |TAMS 0x0000000714400000| PB 0x0000000714400000| Untracked 
|  96|0x0000000714600000, 0x0000000714600000, 0x0000000714800000|  0%| F|  |TAMS 0x0000000714600000| PB 0x0000000714600000| Untracked 
|  97|0x0000000714800000, 0x0000000714800000, 0x0000000714a00000|  0%| F|  |TAMS 0x0000000714800000| PB 0x0000000714800000| Untracked 
|  98|0x0000000714a00000, 0x0000000714a00000, 0x0000000714c00000|  0%| F|  |TAMS 0x0000000714a00000| PB 0x0000000714a00000| Untracked 
|  99|0x0000000714c00000, 0x0000000714c00000, 0x0000000714e00000|  0%| F|  |TAMS 0x0000000714c00000| PB 0x0000000714c00000| Untracked 
| 100|0x0000000714e00000, 0x0000000714e00000, 0x0000000715000000|  0%| F|  |TAMS 0x0000000714e00000| PB 0x0000000714e00000| Untracked 
| 101|0x0000000715000000, 0x0000000715000000, 0x0000000715200000|  0%| F|  |TAMS 0x0000000715000000| PB 0x0000000715000000| Untracked 
| 102|0x0000000715200000, 0x0000000715200000, 0x0000000715400000|  0%| F|  |TAMS 0x0000000715200000| PB 0x0000000715200000| Untracked 
| 103|0x0000000715400000, 0x0000000715400000, 0x0000000715600000|  0%| F|  |TAMS 0x0000000715400000| PB 0x0000000715400000| Untracked 
| 104|0x0000000715600000, 0x0000000715600000, 0x0000000715800000|  0%| F|  |TAMS 0x0000000715600000| PB 0x0000000715600000| Untracked 
| 105|0x0000000715800000, 0x0000000715800000, 0x0000000715a00000|  0%| F|  |TAMS 0x0000000715800000| PB 0x0000000715800000| Untracked 
| 106|0x0000000715a00000, 0x0000000715a00000, 0x0000000715c00000|  0%| F|  |TAMS 0x0000000715a00000| PB 0x0000000715a00000| Untracked 
| 107|0x0000000715c00000, 0x0000000715c00000, 0x0000000715e00000|  0%| F|  |TAMS 0x0000000715c00000| PB 0x0000000715c00000| Untracked 
| 108|0x0000000715e00000, 0x0000000715e00000, 0x0000000716000000|  0%| F|  |TAMS 0x0000000715e00000| PB 0x0000000715e00000| Untracked 
| 109|0x0000000716000000, 0x0000000716000000, 0x0000000716200000|  0%| F|  |TAMS 0x0000000716000000| PB 0x0000000716000000| Untracked 
| 110|0x0000000716200000, 0x0000000716200000, 0x0000000716400000|  0%| F|  |TAMS 0x0000000716200000| PB 0x0000000716200000| Untracked 
| 111|0x0000000716400000, 0x0000000716400000, 0x0000000716600000|  0%| F|  |TAMS 0x0000000716400000| PB 0x0000000716400000| Untracked 
| 112|0x0000000716600000, 0x0000000716600000, 0x0000000716800000|  0%| F|  |TAMS 0x0000000716600000| PB 0x0000000716600000| Untracked 
| 113|0x0000000716800000, 0x0000000716800000, 0x0000000716a00000|  0%| F|  |TAMS 0x0000000716800000| PB 0x0000000716800000| Untracked 
| 114|0x0000000716a00000, 0x0000000716a00000, 0x0000000716c00000|  0%| F|  |TAMS 0x0000000716a00000| PB 0x0000000716a00000| Untracked 
| 115|0x0000000716c00000, 0x0000000716c00000, 0x0000000716e00000|  0%| F|  |TAMS 0x0000000716c00000| PB 0x0000000716c00000| Untracked 
| 116|0x0000000716e00000, 0x0000000716e00000, 0x0000000717000000|  0%| F|  |TAMS 0x0000000716e00000| PB 0x0000000716e00000| Untracked 
| 117|0x0000000717000000, 0x0000000717000000, 0x0000000717200000|  0%| F|  |TAMS 0x0000000717000000| PB 0x0000000717000000| Untracked 
| 118|0x0000000717200000, 0x0000000717200000, 0x0000000717400000|  0%| F|  |TAMS 0x0000000717200000| PB 0x0000000717200000| Untracked 
| 119|0x0000000717400000, 0x0000000717400000, 0x0000000717600000|  0%| F|  |TAMS 0x0000000717400000| PB 0x0000000717400000| Untracked 
| 120|0x0000000717600000, 0x0000000717600000, 0x0000000717800000|  0%| F|  |TAMS 0x0000000717600000| PB 0x0000000717600000| Untracked 
| 121|0x0000000717800000, 0x0000000717800000, 0x0000000717a00000|  0%| F|  |TAMS 0x0000000717800000| PB 0x0000000717800000| Untracked 
| 122|0x0000000717a00000, 0x0000000717a00000, 0x0000000717c00000|  0%| F|  |TAMS 0x0000000717a00000| PB 0x0000000717a00000| Untracked 
| 123|0x0000000717c00000, 0x0000000717e00000, 0x0000000717e00000|100%| E|  |TAMS 0x0000000717c00000| PB 0x0000000717c00000| Complete 
|1980|0x00000007ffe00000, 0x00000007fff0c710, 0x0000000800000000| 52%| O|  |TAMS 0x00000007fff0c710| PB 0x00000007ffe00000| Untracked 

Card table byte_map: [0x000073713c043000,0x000073713c800000] _byte_map_base: 0x0000737138800000

Marking Bits: (CMBitMap*) 0x0000737154082a90
 Bits: [0x000073713825b000, 0x000073713c043000)

Polling page: 0x000073715b906000

Metaspace:

Usage:
  Non-class:     18.58 MB used.
      Class:      2.34 MB used.
       Both:     20.92 MB used.

Virtual space:
  Non-class space:       64.00 MB reserved,      18.75 MB ( 29%) committed,  1 nodes.
      Class space:        1.00 GB reserved,       2.50 MB ( <1%) committed,  1 nodes.
             Both:        1.06 GB reserved,      21.25 MB (  2%) committed. 

Chunk freelists:
   Non-Class:  13.28 MB
       Class:  13.38 MB
        Both:  26.66 MB

MaxMetaspaceSize: unlimited
CompressedClassSpaceSize: 1.00 GB
Initial GC threshold: 21.00 MB
Current GC threshold: 21.31 MB
CDS: on
 - commit_granule_bytes: 65536.
 - commit_granule_words: 8192.
 - virtual_space_node_default_size: 8388608.
 - enlarge_chunks_in_place: 1.
 - use_allocation_guard: 0.


Internal statistics:

num_allocs_failed_limit: 3.
num_arena_births: 296.
num_arena_deaths: 0.
num_vsnodes_births: 2.
num_vsnodes_deaths: 0.
num_space_committed: 340.
num_space_uncommitted: 0.
num_chunks_returned_to_freelist: 3.
num_chunks_taken_from_freelist: 1023.
num_chunk_merges: 3.
num_chunk_splits: 751.
num_chunks_enlarged: 585.
num_inconsistent_stats: 0.

CodeHeap 'non-profiled nmethods': size=120028Kb used=2065Kb max_used=2065Kb free=117963Kb
 bounds [0x00007371442c9000, 0x0000737144539000, 0x000073714b800000]
CodeHeap 'profiled nmethods': size=120028Kb used=8002Kb max_used=8002Kb free=112025Kb
 bounds [0x000073713c800000, 0x000073713cfe0000, 0x0000737143d37000]
CodeHeap 'non-nmethods': size=5704Kb used=1409Kb max_used=1459Kb free=4294Kb
 bounds [0x0000737143d37000, 0x0000737143fa7000, 0x00007371442c9000]
 total_blobs=4686 nmethods=4171 adapters=420
 compilation: enabled
              stopped_count=0, restarted_count=0
 full_count=0

Compilation events (20 events):
Event: 1.762 Thread 0x000073715416c860 nmethod 4161 0x00007371444cc990 code [0x00007371444ccb20, 0x00007371444ccc70]
Event: 1.764 Thread 0x000073715416df20 4162       1       java.lang.invoke.MethodHandleNatives::isPullModeBSM (2 bytes)
Event: 1.764 Thread 0x000073715416df20 nmethod 4162 0x00007371444ccd90 code [0x00007371444ccf20, 0x00007371444ccfc0]
Event: 1.764 Thread 0x000073715416df20 4163       3       java.util.ImmutableCollections$AbstractImmutableCollection::<init> (5 bytes)
Event: 1.764 Thread 0x000073715416df20 nmethod 4163 0x000073713cfcd690 code [0x000073713cfcd840, 0x000073713cfcda00]
Event: 1.764 Thread 0x000073715416df20 4164       3       java.lang.invoke.ConstantCallSite::getTarget (20 bytes)
Event: 1.764 Thread 0x000073715416df20 nmethod 4164 0x000073713cfcdb10 code [0x000073713cfcdcc0, 0x000073713cfcded8]
Event: 1.779 Thread 0x000073715416df20 4166   !   3       java.lang.ref.NativeReferenceQueue::enqueue (20 bytes)
Event: 1.779 Thread 0x000073715416df20 nmethod 4166 0x000073713cfce010 code [0x000073713cfce1c0, 0x000073713cfce3f8]
Event: 1.779 Thread 0x000073715416df20 4167       3       java.lang.ref.NativeReferenceQueue::signal (8 bytes)
Event: 1.779 Thread 0x000073715416df20 nmethod 4167 0x000073713cfce510 code [0x000073713cfce6c0, 0x000073713cfce808]
Event: 1.779 Thread 0x000073715416df20 4168   !   3       java.lang.ref.ReferenceQueue::enqueue (32 bytes)
Event: 1.779 Thread 0x000073715416df20 nmethod 4168 0x000073713cfce910 code [0x000073713cfceb60, 0x000073713cfcf4f0]
Event: 1.781 Thread 0x000073715416df20 4169       3       com.sun.tools.javac.util.Context::checkState (13 bytes)
Event: 1.781 Thread 0x000073715416df20 nmethod 4169 0x000073713cfcf890 code [0x000073713cfcfa40, 0x000073713cfcfc30]
Event: 1.784 Thread 0x000073715416df20 4170       3       com.sun.tools.javac.util.Name$Table::hashValue (36 bytes)
Event: 1.784 Thread 0x000073715416df20 nmethod 4170 0x000073713cfcfd10 code [0x000073713cfcfec0, 0x000073713cfd0090]
Event: 1.784 Thread 0x000073715416df20 4171       3       com.sun.tools.javac.util.Convert::chars2utf (159 bytes)
Event: 1.784 Thread 0x000073715416df20 nmethod 4171 0x000073713cfd0190 code [0x000073713cfd0360, 0x000073713cfd06f8]
Event: 1.784 Thread 0x000073715416df20 4172       3       com.sun.tools.javac.util.UnsharedNameTable::fromValidUtf (224 bytes)

GC Heap History (6 events):
Event: 0.311 GC heap before
{Heap before GC invocations=0 (full 0):
 garbage-first heap   total 256000K, used 23601K [0x0000000708600000, 0x0000000800000000)
  region size 2048K, 11 young (22528K), 0 survivors (0K)
 Metaspace       used 5383K, committed 5504K, reserved 1114112K
  class space    used 599K, committed 640K, reserved 1048576K
}
Event: 0.314 GC heap after
{Heap after GC invocations=1 (full 0):
 garbage-first heap   total 256000K, used 4183K [0x0000000708600000, 0x0000000800000000)
  region size 2048K, 2 young (4096K), 2 survivors (4096K)
 Metaspace       used 5383K, committed 5504K, reserved 1114112K
  class space    used 599K, committed 640K, reserved 1048576K
}
Event: 0.937 GC heap before
{Heap before GC invocations=1 (full 0):
 garbage-first heap   total 256000K, used 51287K [0x0000000708600000, 0x0000000800000000)
  region size 2048K, 25 young (51200K), 2 survivors (4096K)
 Metaspace       used 13085K, committed 13376K, reserved 1114112K
  class space    used 1472K, committed 1600K, reserved 1048576K
}
Event: 0.943 GC heap after
{Heap after GC invocations=2 (full 0):
 garbage-first heap   total 256000K, used 8782K [0x0000000708600000, 0x0000000800000000)
  region size 2048K, 4 young (8192K), 4 survivors (8192K)
 Metaspace       used 13085K, committed 13376K, reserved 1114112K
  class space    used 1472K, committed 1600K, reserved 1048576K
}
Event: 1.769 GC heap before
{Heap before GC invocations=2 (full 0):
 garbage-first heap   total 256000K, used 107086K [0x0000000708600000, 0x0000000800000000)
  region size 2048K, 51 young (104448K), 4 survivors (8192K)
 Metaspace       used 21175K, committed 21504K, reserved 1114112K
  class space    used 2370K, committed 2560K, reserved 1048576K
}
Event: 1.778 GC heap after
{Heap after GC invocations=3 (full 0):
 garbage-first heap   total 256000K, used 23413K [0x0000000708600000, 0x0000000800000000)
  region size 2048K, 9 young (18432K), 9 survivors (18432K)
 Metaspace       used 21175K, committed 21504K, reserved 1114112K
  class space    used 2370K, committed 2560K, reserved 1048576K
}

Dll operation events (7 events):
Event: 0.002 Loaded shared library /usr/lib/jvm/java-21-openjdk-amd64/lib/libjava.so
Event: 0.022 Loaded shared library /usr/lib/jvm/java-21-openjdk-amd64/lib/libjsvml.so
Event: 0.025 Loaded shared library /usr/lib/jvm/java-21-openjdk-amd64/lib/libnio.so
Event: 0.027 Loaded shared library /usr/lib/jvm/java-21-openjdk-amd64/lib/libzip.so
Event: 0.032 Loaded shared library /usr/lib/jvm/java-21-openjdk-amd64/lib/libnet.so
Event: 0.081 Loaded shared library /usr/lib/jvm/java-21-openjdk-amd64/lib/libjimage.so
Event: 0.123 Loaded shared library /usr/lib/jvm/java-21-openjdk-amd64/lib/libverify.so

Deoptimization events (20 events):
Event: 1.669 Thread 0x00007371540198b0 Uncommon trap: trap_request=0xffffff45 fr.pc=0x0000737144476aac relative=0x000000000000106c
Event: 1.669 Thread 0x00007371540198b0 Uncommon trap: reason=unstable_if action=reinterpret pc=0x0000737144476aac method=java.lang.String.<init>(Ljava/nio/charset/Charset;[BII)V @ 34 c2
Event: 1.670 Thread 0x00007371540198b0 DEOPT PACKING pc=0x0000737144476aac sp=0x0000737159bfc440
Event: 1.670 Thread 0x00007371540198b0 DEOPT UNPACKING pc=0x0000737143d8af99 sp=0x0000737159bfc418 mode 2
Event: 1.671 Thread 0x00007371540198b0 Uncommon trap: trap_request=0xffffffc6 fr.pc=0x000073714446f738 relative=0x00000000000002b8
Event: 1.671 Thread 0x00007371540198b0 Uncommon trap: reason=bimorphic_or_optimized_type_check action=maybe_recompile pc=0x000073714446f738 method=java.util.concurrent.locks.AbstractQueuedSynchronizer.release(I)Z @ 2 c2
Event: 1.671 Thread 0x00007371540198b0 DEOPT PACKING pc=0x000073714446f738 sp=0x0000737159bfc500
Event: 1.671 Thread 0x00007371540198b0 DEOPT UNPACKING pc=0x0000737143d8af99 sp=0x0000737159bfc4c8 mode 2
Event: 1.672 Thread 0x00007371540198b0 Uncommon trap: trap_request=0xffffffc6 fr.pc=0x000073714446f738 relative=0x00000000000002b8
Event: 1.672 Thread 0x00007371540198b0 Uncommon trap: reason=bimorphic_or_optimized_type_check action=maybe_recompile pc=0x000073714446f738 method=java.util.concurrent.locks.AbstractQueuedSynchronizer.release(I)Z @ 2 c2
Event: 1.672 Thread 0x00007371540198b0 DEOPT PACKING pc=0x000073714446f738 sp=0x0000737159bfc500
Event: 1.672 Thread 0x00007371540198b0 DEOPT UNPACKING pc=0x0000737143d8af99 sp=0x0000737159bfc4c8 mode 2
Event: 1.674 Thread 0x00007371540198b0 Uncommon trap: trap_request=0xffffff45 fr.pc=0x00007371444b2d18 relative=0x00000000000000f8
Event: 1.674 Thread 0x00007371540198b0 Uncommon trap: reason=unstable_if action=reinterpret pc=0x00007371444b2d18 method=jdk.nio.zipfs.ZipConstants.pkSigAt([BIII)Z @ 5 c2
Event: 1.674 Thread 0x00007371540198b0 DEOPT PACKING pc=0x00007371444b2d18 sp=0x0000737159bfcde0
Event: 1.674 Thread 0x00007371540198b0 DEOPT UNPACKING pc=0x0000737143d8af99 sp=0x0000737159bfcda8 mode 2
Event: 1.686 Thread 0x00007371540198b0 Uncommon trap: trap_request=0xffffff76 fr.pc=0x00007371444b6ad4 relative=0x0000000000000234
Event: 1.686 Thread 0x00007371540198b0 Uncommon trap: reason=predicate action=maybe_recompile pc=0x00007371444b6ad4 method=java.util.LinkedHashMap.valuesToArray([Ljava/lang/Object;Z)[Ljava/lang/Object; @ 53 c2
Event: 1.686 Thread 0x00007371540198b0 DEOPT PACKING pc=0x00007371444b6ad4 sp=0x0000737159bfce80
Event: 1.686 Thread 0x00007371540198b0 DEOPT UNPACKING pc=0x0000737143d8af99 sp=0x0000737159bfce30 mode 2

Classes loaded (20 events):
Event: 1.696 Loading class java/util/regex/PatternSyntaxException
Event: 1.696 Loading class java/util/regex/PatternSyntaxException done
Event: 1.697 Loading class java/time/zone/ZoneRulesProvider
Event: 1.697 Loading class java/time/zone/ZoneRulesProvider done
Event: 1.697 Loading class java/time/zone/ZoneRulesProvider$1
Event: 1.697 Loading class java/time/zone/ZoneRulesProvider$1 done
Event: 1.697 Loading class java/time/zone/TzdbZoneRulesProvider
Event: 1.697 Loading class java/time/zone/TzdbZoneRulesProvider done
Event: 1.698 Loading class java/time/zone/Ser
Event: 1.698 Loading class java/io/Externalizable
Event: 1.698 Loading class java/io/Externalizable done
Event: 1.698 Loading class java/time/zone/Ser done
Event: 1.699 Loading class java/time/zone/ZoneOffsetTransition
Event: 1.699 Loading class java/time/zone/ZoneOffsetTransition done
Event: 1.704 Loading class java/util/concurrent/atomic/AtomicBoolean
Event: 1.704 Loading class java/util/concurrent/atomic/AtomicBoolean done
Event: 1.704 Loading class java/lang/invoke/VarHandleInts$FieldInstanceReadWrite
Event: 1.704 Loading class java/lang/invoke/VarHandleInts$FieldInstanceReadOnly
Event: 1.704 Loading class java/lang/invoke/VarHandleInts$FieldInstanceReadOnly done
Event: 1.704 Loading class java/lang/invoke/VarHandleInts$FieldInstanceReadWrite done

Classes unloaded (0 events):
No events

Classes redefined (0 events):
No events

Internal exceptions (20 events):
Event: 0.787 Thread 0x00007371540198b0 Implicit null exception at 0x00007371443039a0 to 0x00007371443040d0
Event: 0.848 Thread 0x00007371540198b0 Exception <a 'java/lang/NoSuchMethodError'{0x000000071576eee0}: 'void java.lang.invoke.DirectMethodHandle$Holder.invokeVirtual(java.lang.Object, java.lang.Object, int)'> (0x000000071576eee0) 
thrown [./src/hotspot/share/interpreter/linkResolver.cpp, line 772]
Event: 0.848 Thread 0x00007371540198b0 Exception <a 'java/lang/NoSuchMethodError'{0x00000007157730e8}: 'int java.lang.invoke.DirectMethodHandle$Holder.invokeSpecial(java.lang.Object, java.lang.Object, java.lang.Object, int)'> (0x00000007157730e8) 
thrown [./src/hotspot/share/interpreter/linkResolver.cpp, line 772]
Event: 0.850 Thread 0x00007371540198b0 Exception <a 'java/lang/NoSuchMethodError'{0x0000000715783538}: 'java.lang.Object java.lang.invoke.DirectMethodHandle$Holder.invokeStatic(java.lang.Object, java.lang.Object, java.lang.Object, java.lang.Object, int)'> (0x0000000715783538) 
thrown [./src/hotspot/share/interpreter/linkResolver.cpp, line 772]
Event: 0.851 Thread 0x00007371540198b0 Exception <a 'java/lang/NoSuchMethodError'{0x000000071578ea10}: 'void java.lang.invoke.DelegatingMethodHandle$Holder.reinvoke_L(java.lang.Object, java.lang.Object, int)'> (0x000000071578ea10) 
thrown [./src/hotspot/share/interpreter/linkResolver.cpp, line 772]
Event: 1.327 Thread 0x00007371540198b0 Implicit null exception at 0x0000737144363620 to 0x0000737144363814
Event: 1.327 Thread 0x00007371540198b0 Implicit null exception at 0x00007371443352a0 to 0x00007371443354ac
Event: 1.327 Thread 0x00007371540198b0 Implicit null exception at 0x000073714436ae40 to 0x000073714436aec5
Event: 1.384 Thread 0x00007371540198b0 Exception <a 'java/lang/NoSuchMethodError'{0x0000000713fbb950}: 'void java.lang.invoke.Invokers$Holder.invokeExact_MT(java.lang.Object, java.lang.Object, int, java.lang.Object)'> (0x0000000713fbb950) 
thrown [./src/hotspot/share/interpreter/linkResolver.cpp, line 772]
Event: 1.565 Thread 0x00007371540198b0 Exception <a 'java/lang/NoSuchMethodError'{0x0000000712696c78}: 'java.lang.Object java.lang.invoke.DirectMethodHandle$Holder.invokeInterface(java.lang.Object, java.lang.Object)'> (0x0000000712696c78) 
thrown [./src/hotspot/share/interpreter/linkResolver.cpp, line 772]
Event: 1.575 Thread 0x00007371540198b0 Exception <a 'java/lang/NoSuchMethodError'{0x000000071270c358}: 'void java.lang.invoke.DirectMethodHandle$Holder.invokeVirtual(java.lang.Object, java.lang.Object)'> (0x000000071270c358) 
thrown [./src/hotspot/share/interpreter/linkResolver.cpp, line 772]
Event: 1.575 Thread 0x00007371540198b0 Exception <a 'java/lang/IncompatibleClassChangeError'{0x0000000712713e48}: Found class java.lang.Object, but interface was expected> (0x0000000712713e48) 
thrown [./src/hotspot/share/interpreter/linkResolver.cpp, line 840]
Event: 1.576 Thread 0x00007371540198b0 Exception <a 'java/lang/NoSuchMethodError'{0x0000000712716c18}: 'int java.lang.invoke.DirectMethodHandle$Holder.invokeVirtual(java.lang.Object, java.lang.Object)'> (0x0000000712716c18) 
thrown [./src/hotspot/share/interpreter/linkResolver.cpp, line 772]
Event: 1.576 Thread 0x00007371540198b0 Exception <a 'java/lang/NoSuchMethodError'{0x000000071271c908}: 'void java.lang.invoke.DirectMethodHandle$Holder.invokeInterface(java.lang.Object, java.lang.Object, java.lang.Object)'> (0x000000071271c908) 
thrown [./src/hotspot/share/interpreter/linkResolver.cpp, line 772]
Event: 1.619 Thread 0x00007371540198b0 Exception <a 'java/lang/NoSuchMethodError'{0x0000000712434e18}: 'java.lang.Object java.lang.invoke.DirectMethodHandle$Holder.invokeVirtual(java.lang.Object, java.lang.Object, java.lang.Object)'> (0x0000000712434e18) 
thrown [./src/hotspot/share/interpreter/linkResolver.cpp, line 772]
Event: 1.619 Thread 0x00007371540198b0 Exception <a 'java/lang/NoSuchMethodError'{0x000000071243b180}: 'int java.lang.invoke.DirectMethodHandle$Holder.invokeInterface(java.lang.Object, java.lang.Object)'> (0x000000071243b180) 
thrown [./src/hotspot/share/interpreter/linkResolver.cpp, line 772]
Event: 1.637 Thread 0x00007371540198b0 Exception <a 'java/lang/NoSuchMethodError'{0x00000007122dcea0}: 'int java.lang.invoke.DirectMethodHandle$Holder.invokeVirtual(java.lang.Object, java.lang.Object, java.lang.Object)'> (0x00000007122dcea0) 
thrown [./src/hotspot/share/interpreter/linkResolver.cpp, line 772]
Event: 1.638 Thread 0x00007371540198b0 Exception <a 'java/lang/NoSuchMethodError'{0x00000007122ea110}: 'int java.lang.invoke.DirectMethodHandle$Holder.invokeStaticInit(java.lang.Object, java.lang.Object, java.lang.Object)'> (0x00000007122ea110) 
thrown [./src/hotspot/share/interpreter/linkResolver.cpp, line 772]
Event: 1.705 Thread 0x00007371540198b0 Exception <a 'java/lang/NoSuchMethodError'{0x0000000711847600}: 'void java.lang.invoke.DirectMethodHandle$Holder.invokeStatic(java.lang.Object, java.lang.Object)'> (0x0000000711847600) 
thrown [./src/hotspot/share/interpreter/linkResolver.cpp, line 772]
Event: 1.745 Thread 0x00007371540198b0 Exception <a 'java/lang/NoSuchMethodError'{0x0000000711931988}: 'int java.lang.invoke.DirectMethodHandle$Holder.invokeStaticInit(java.lang.Object, java.lang.Object)'> (0x0000000711931988) 
thrown [./src/hotspot/share/interpreter/linkResolver.cpp, line 772]

ZGC Phase Switch (0 events):
No events

VM Operations (20 events):
Event: 1.012 Executing VM operation: HandshakeAllThreads (Deoptimize) done
Event: 1.247 Executing VM operation: ICBufferFull
Event: 1.248 Executing VM operation: ICBufferFull done
Event: 1.313 Executing VM operation: HandshakeAllThreads (Deoptimize)
Event: 1.313 Executing VM operation: HandshakeAllThreads (Deoptimize) done
Event: 1.313 Executing VM operation: HandshakeAllThreads (Deoptimize)
Event: 1.313 Executing VM operation: HandshakeAllThreads (Deoptimize) done
Event: 1.383 Executing VM operation: ICBufferFull
Event: 1.383 Executing VM operation: ICBufferFull done
Event: 1.548 Executing VM operation: ICBufferFull
Event: 1.548 Executing VM operation: ICBufferFull done
Event: 1.594 Executing VM operation: HandshakeAllThreads (Deoptimize)
Event: 1.594 Executing VM operation: HandshakeAllThreads (Deoptimize) done
Event: 1.618 Executing VM operation: HandshakeAllThreads (Deoptimize)
Event: 1.618 Executing VM operation: HandshakeAllThreads (Deoptimize) done
Event: 1.643 Executing VM operation: HandshakeAllThreads (Deoptimize)
Event: 1.643 Executing VM operation: HandshakeAllThreads (Deoptimize) done
Event: 1.769 Executing VM operation: CollectForMetadataAllocation (Metadata GC Threshold)
Event: 1.778 Executing VM operation: CollectForMetadataAllocation (Metadata GC Threshold) done
Event: 1.785 Executing VM operation: G1PauseRemark

Memory protections (13 events):
Event: 0.001 Protecting memory [0x0000737159b00000,0x0000737159b04000] with protection modes 0
Event: 0.020 Protecting memory [0x00007371317f9000,0x00007371317fd000] with protection modes 0
Event: 0.020 Protecting memory [0x0000737131100000,0x0000737131104000] with protection modes 0
Event: 0.020 Protecting memory [0x0000737131000000,0x0000737131004000] with protection modes 0
Event: 0.021 Protecting memory [0x0000737130f00000,0x0000737130f04000] with protection modes 0
Event: 0.021 Protecting memory [0x0000737130e00000,0x0000737130e04000] with protection modes 0
Event: 0.021 Protecting memory [0x0000737130d00000,0x0000737130d04000] with protection modes 0
Event: 0.021 Protecting memory [0x0000737130c00000,0x0000737130c04000] with protection modes 0
Event: 0.023 Protecting memory [0x0000737130a2f000,0x0000737130a33000] with protection modes 0
Event: 0.024 Protecting memory [0x000073713092f000,0x0000737130933000] with protection modes 0
Event: 0.067 Protecting memory [0x000073713082f000,0x0000737130833000] with protection modes 0
Event: 0.080 Protecting memory [0x000073713072f000,0x0000737130733000] with protection modes 0
Event: 0.274 Protecting memory [0x000073713072f000,0x0000737130733000] with protection modes 0

Nmethod flushes (0 events):
No events

Events (14 events):
Event: 0.015 Thread 0x00007371540198b0 Thread added: 0x00007371540198b0
Event: 0.020 Thread 0x00007371540198b0 Thread added: 0x0000737154165310
Event: 0.020 Thread 0x00007371540198b0 Thread added: 0x00007371541669a0
Event: 0.020 Thread 0x00007371540198b0 Thread added: 0x0000737154168140
Event: 0.021 Thread 0x00007371540198b0 Thread added: 0x0000737154169780
Event: 0.021 Thread 0x00007371540198b0 Thread added: 0x000073715416ad20
Event: 0.021 Thread 0x00007371540198b0 Thread added: 0x000073715416c860
Event: 0.021 Thread 0x00007371540198b0 Thread added: 0x000073715416df20
Event: 0.023 Thread 0x00007371540198b0 Thread added: 0x0000737154179dc0
Event: 0.024 Thread 0x00007371540198b0 Thread added: 0x000073715417d0f0
Event: 0.067 Thread 0x000073715416df20 Thread added: 0x00007370a0091060
Event: 0.080 Thread 0x00007371540198b0 Thread added: 0x0000737154386ae0
Event: 0.083 Thread 0x0000737154386ae0 Thread exited: 0x0000737154386ae0
Event: 0.274 Thread 0x000073715416df20 Thread added: 0x00007370a02ec6a0


Dynamic libraries:
708600000-717e00000 rw-p 00000000 00:00 0 
717e00000-7ffe00000 ---p 00000000 00:00 0 
7ffe00000-7fff0d000 rw-p 00cd6000 103:02 5780134                         /usr/lib/jvm/java-21-openjdk-amd64/lib/server/classes.jsa
7fff0d000-800000000 rw-p 00000000 00:00 0 
57bfe4058000-57bfe4059000 r--p 00000000 103:02 5779981                   /usr/lib/jvm/java-21-openjdk-amd64/bin/java
57bfe4059000-57bfe405a000 r-xp 00001000 103:02 5779981                   /usr/lib/jvm/java-21-openjdk-amd64/bin/java
57bfe405a000-57bfe405b000 r--p 00002000 103:02 5779981                   /usr/lib/jvm/java-21-openjdk-amd64/bin/java
57bfe405b000-57bfe405c000 r--p 00002000 103:02 5779981                   /usr/lib/jvm/java-21-openjdk-amd64/bin/java
57bfe405c000-57bfe405d000 rw-p 00003000 103:02 5779981                   /usr/lib/jvm/java-21-openjdk-amd64/bin/java
57bfe8089000-57bfe80d0000 rw-p 00000000 00:00 0                          [heap]
737044000000-737044021000 rw-p 00000000 00:00 0 
737044021000-737048000000 ---p 00000000 00:00 0 
73704c000000-73704c021000 rw-p 00000000 00:00 0 
73704c021000-737050000000 ---p 00000000 00:00 0 
737050000000-737050021000 rw-p 00000000 00:00 0 
737050021000-737054000000 ---p 00000000 00:00 0 
737058000000-737058021000 rw-p 00000000 00:00 0 
737058021000-73705c000000 ---p 00000000 00:00 0 
73705c000000-73705c021000 rw-p 00000000 00:00 0 
73705c021000-737060000000 ---p 00000000 00:00 0 
737064000000-737064021000 rw-p 00000000 00:00 0 
737064021000-737068000000 ---p 00000000 00:00 0 
737068000000-7370681ac000 rw-p 00000000 00:00 0 
7370681ac000-73706c000000 ---p 00000000 00:00 0 
737070000000-737070021000 rw-p 00000000 00:00 0 
737070021000-737074000000 ---p 00000000 00:00 0 
737074000000-737074021000 rw-p 00000000 00:00 0 
737074021000-737078000000 ---p 00000000 00:00 0 
73707c000000-73707c021000 rw-p 00000000 00:00 0 
73707c021000-737080000000 ---p 00000000 00:00 0 
737080000000-737080021000 rw-p 00000000 00:00 0 
737080021000-737084000000 ---p 00000000 00:00 0 
737088000000-737088aef000 rw-p 00000000 00:00 0 
737088aef000-73708c000000 ---p 00000000 00:00 0 
73708c000000-73708c714000 rw-p 00000000 00:00 0 
73708c714000-737090000000 ---p 00000000 00:00 0 
737094000000-737094021000 rw-p 00000000 00:00 0 
737094021000-737098000000 ---p 00000000 00:00 0 
737098000000-737098021000 rw-p 00000000 00:00 0 
737098021000-73709c000000 ---p 00000000 00:00 0 
7370a0000000-7370a07bd000 rw-p 00000000 00:00 0 
7370a07bd000-7370a4000000 ---p 00000000 00:00 0 
7370a4000000-7370a48ee000 rw-p 00000000 00:00 0 
7370a48ee000-7370a8000000 ---p 00000000 00:00 0 
7370ac000000-7370ac021000 rw-p 00000000 00:00 0 
7370ac021000-7370b0000000 ---p 00000000 00:00 0 
7370b0000000-7370b0021000 rw-p 00000000 00:00 0 
7370b0021000-7370b4000000 ---p 00000000 00:00 0 
7370b8000000-7370b8021000 rw-p 00000000 00:00 0 
7370b8021000-7370bc000000 ---p 00000000 00:00 0 
7370bc000000-7370bc021000 rw-p 00000000 00:00 0 
7370bc021000-7370c0000000 ---p 00000000 00:00 0 
7370c4000000-7370c4021000 rw-p 00000000 00:00 0 
7370c4021000-7370c8000000 ---p 00000000 00:00 0 
7370c8000000-7370c8021000 rw-p 00000000 00:00 0 
7370c8021000-7370cc000000 ---p 00000000 00:00 0 
7370d0000000-7370d03f0000 rw-p 00000000 00:00 0 
7370d03f0000-7370d12c0000 rw-p 00000000 00:00 0 
7370d12c0000-7370d4000000 ---p 00000000 00:00 0 
7370d4000000-7370d4021000 rw-p 00000000 00:00 0 
7370d4021000-7370d8000000 ---p 00000000 00:00 0 
7370db000000-7370dbc97000 rw-p 00001000 103:02 5780134                   /usr/lib/jvm/java-21-openjdk-amd64/lib/server/classes.jsa
7370dbc97000-7370dc000000 ---p 00000000 00:00 0 
7370dc000000-7370dc030000 rw-p 00000000 00:00 0 
7370dc030000-7370dc070000 rw-p 00000000 00:00 0 
7370dc070000-7370dc1b0000 rw-p 00000000 00:00 0 
7370dc1b0000-7370dc1e0000 rw-p 00000000 00:00 0 
7370dc1e0000-7370dc200000 ---p 00000000 00:00 0 
7370dc200000-7370dc2a0000 rw-p 00000000 00:00 0 
7370dc2a0000-73711c000000 ---p 00000000 00:00 0 
73711c000000-73711c021000 rw-p 00000000 00:00 0 
73711c021000-737120000000 ---p 00000000 00:00 0 
737120000000-737120021000 rw-p 00000000 00:00 0 
737120021000-737124000000 ---p 00000000 00:00 0 
73712772f000-737127a11000 rw-p 00000000 00:00 0 
737127a11000-737127a12000 ---p 00000000 00:00 0 
737127a12000-737127b12000 rw-p 00000000 00:00 0 
737127b12000-737127b13000 ---p 00000000 00:00 0 
737127b13000-737127c13000 rw-p 00000000 00:00 0 
737127c13000-737127c14000 ---p 00000000 00:00 0 
737127c14000-737127d14000 rw-p 00000000 00:00 0 
737127d14000-737127eff000 rw-p 00000000 00:00 0 
737127eff000-737127f00000 ---p 00000000 00:00 0 
737127f00000-737128000000 rw-p 00000000 00:00 0 
737128000000-737128021000 rw-p 00000000 00:00 0 
737128021000-73712c000000 ---p 00000000 00:00 0 
73712c000000-73712c021000 rw-p 00000000 00:00 0 
73712c021000-737130000000 ---p 00000000 00:00 0 
737130028000-737130029000 ---p 00000000 00:00 0 
737130029000-737130129000 rw-p 00000000 00:00 0 
737130129000-73713012a000 ---p 00000000 00:00 0 
73713012a000-73713022a000 rw-p 00000000 00:00 0 
73713022a000-73713022b000 ---p 00000000 00:00 0 
73713022b000-73713032b000 rw-p 00000000 00:00 0 
73713032b000-73713032c000 ---p 00000000 00:00 0 
73713032c000-73713042c000 rw-p 00000000 00:00 0 
73713042c000-73713042d000 ---p 00000000 00:00 0 
73713042d000-73713052d000 rw-p 00000000 00:00 0 
73713052d000-73713052e000 ---p 00000000 00:00 0 
73713052e000-73713062e000 rw-p 00000000 00:00 0 
73713062e000-73713062f000 ---p 00000000 00:00 0 
73713062f000-73713072f000 rw-p 00000000 00:00 0 
73713072f000-737130733000 ---p 00000000 00:00 0 
737130733000-73713082f000 rw-p 00000000 00:00 0 
73713082f000-737130833000 ---p 00000000 00:00 0 
737130833000-73713092f000 rw-p 00000000 00:00 0 
73713092f000-737130933000 ---p 00000000 00:00 0 
737130933000-737130a2f000 rw-p 00000000 00:00 0 
737130a2f000-737130a33000 ---p 00000000 00:00 0 
737130a33000-737130b2f000 rw-p 00000000 00:00 0 
737130b2f000-737130b34000 r--p 00000000 103:02 5780115                   /usr/lib/jvm/java-21-openjdk-amd64/lib/libjsvml.so
737130b34000-737130b75000 r-xp 00005000 103:02 5780115                   /usr/lib/jvm/java-21-openjdk-amd64/lib/libjsvml.so
737130b75000-737130bfe000 r--p 00046000 103:02 5780115                   /usr/lib/jvm/java-21-openjdk-amd64/lib/libjsvml.so
737130bfe000-737130bff000 r--p 000ce000 103:02 5780115                   /usr/lib/jvm/java-21-openjdk-amd64/lib/libjsvml.so
737130bff000-737130c00000 rw-p 000cf000 103:02 5780115                   /usr/lib/jvm/java-21-openjdk-amd64/lib/libjsvml.so
737130c00000-737130c04000 ---p 00000000 00:00 0 
737130c04000-737130d00000 rw-p 00000000 00:00 0 
737130d00000-737130d04000 ---p 00000000 00:00 0 
737130d04000-737130e00000 rw-p 00000000 00:00 0 
737130e00000-737130e04000 ---p 00000000 00:00 0 
737130e04000-737130f00000 rw-p 00000000 00:00 0 
737130f00000-737130f04000 ---p 00000000 00:00 0 
737130f04000-737131000000 rw-p 00000000 00:00 0 
737131000000-737131004000 ---p 00000000 00:00 0 
737131004000-737131100000 rw-p 00000000 00:00 0 
737131100000-737131104000 ---p 00000000 00:00 0 
737131104000-737131200000 rw-p 00000000 00:00 0 
737131200000-737131775000 r--p 00000000 103:02 5245032                   /usr/lib/locale/locale-archive
7371317f9000-7371317fd000 ---p 00000000 00:00 0 
7371317fd000-7371318f9000 rw-p 00000000 00:00 0 
7371318f9000-7371318fa000 ---p 00000000 00:00 0 
7371318fa000-7371319fa000 rw-p 00000000 00:00 0 
7371319fa000-7371319fb000 ---p 00000000 00:00 0 
7371319fb000-737131afb000 rw-p 00000000 00:00 0 
737131afb000-737131afc000 ---p 00000000 00:00 0 
737131afc000-737131bfc000 rw-p 00000000 00:00 0 
737131bfc000-737131bfd000 ---p 00000000 00:00 0 
737131bfd000-737131cfd000 rw-p 00000000 00:00 0 
737131cfd000-737134021000 rw-p 00000000 00:00 0 
737134021000-737138000000 ---p 00000000 00:00 0 
737138059000-73713863b000 rw-p 00000000 00:00 0 
73713863b000-73713c03b000 ---p 00000000 00:00 0 
73713c03b000-73713c0bf000 rw-p 00000000 00:00 0 
73713c0bf000-73713c7ff000 ---p 00000000 00:00 0 
73713c7ff000-73713c800000 rw-p 00000000 00:00 0 
73713c800000-73713cfe0000 rwxp 00000000 00:00 0 
73713cfe0000-737143d37000 ---p 00000000 00:00 0 
737143d37000-737143fa7000 rwxp 00000000 00:00 0 
737143fa7000-7371442c9000 ---p 00000000 00:00 0 
7371442c9000-737144539000 rwxp 00000000 00:00 0 
737144539000-73714b800000 ---p 00000000 00:00 0 
73714b800000-737153e0d000 r--s 00000000 103:02 5780131                   /usr/lib/jvm/java-21-openjdk-amd64/lib/modules
737153e7e000-737154d9c000 rw-p 00000000 00:00 0 
737154d9c000-737158000000 ---p 00000000 00:00 0 
73715805c000-737158460000 rw-p 00000000 00:00 0 
737158460000-737158461000 ---p 00000000 00:00 0 
737158461000-737158561000 rw-p 00000000 00:00 0 
737158561000-737158562000 ---p 00000000 00:00 0 
737158562000-737158662000 rw-p 00000000 00:00 0 
737158662000-737158663000 ---p 00000000 00:00 0 
737158663000-737158763000 rw-p 00000000 00:00 0 
737158763000-7371587df000 rw-p 00000000 00:00 0 
7371587df000-737158f1f000 ---p 00000000 00:00 0 
737158f1f000-73715992f000 rw-p 00000000 00:00 0 
73715992f000-737159a15000 ---p 00000000 00:00 0 
737159a15000-737159a25000 rw-p 00000000 00:00 0 
737159a25000-737159b00000 ---p 00000000 00:00 0 
737159b00000-737159b04000 ---p 00000000 00:00 0 
737159b04000-737159c00000 rw-p 00000000 00:00 0 
737159c00000-737159c9d000 r--p 00000000 103:02 5266726                   /usr/lib/x86_64-linux-gnu/libstdc++.so.6.0.33
737159c9d000-737159de5000 r-xp 0009d000 103:02 5266726                   /usr/lib/x86_64-linux-gnu/libstdc++.so.6.0.33
737159de5000-737159e6c000 r--p 001e5000 103:02 5266726                   /usr/lib/x86_64-linux-gnu/libstdc++.so.6.0.33
737159e6c000-737159e77000 r--p 0026b000 103:02 5266726                   /usr/lib/x86_64-linux-gnu/libstdc++.so.6.0.33
737159e77000-737159e7a000 rw-p 00276000 103:02 5266726                   /usr/lib/x86_64-linux-gnu/libstdc++.so.6.0.33
737159e7a000-737159e7e000 rw-p 00000000 00:00 0 
737159ebc000-737159f17000 rw-p 00000000 00:00 0 
737159f17000-737159f27000 r--p 00000000 103:02 5278522                   /usr/lib/x86_64-linux-gnu/libm.so.6
737159f27000-737159fa6000 r-xp 00010000 103:02 5278522                   /usr/lib/x86_64-linux-gnu/libm.so.6
737159fa6000-737159ffe000 r--p 0008f000 103:02 5278522                   /usr/lib/x86_64-linux-gnu/libm.so.6
737159ffe000-737159fff000 r--p 000e7000 103:02 5278522                   /usr/lib/x86_64-linux-gnu/libm.so.6
737159fff000-73715a000000 rw-p 000e8000 103:02 5278522                   /usr/lib/x86_64-linux-gnu/libm.so.6
73715a000000-73715a2a1000 r--p 00000000 103:02 5780137                   /usr/lib/jvm/java-21-openjdk-amd64/lib/server/libjvm.so
73715a2a1000-73715b10d000 r-xp 002a1000 103:02 5780137                   /usr/lib/jvm/java-21-openjdk-amd64/lib/server/libjvm.so
73715b10d000-73715b3e5000 r--p 0110d000 103:02 5780137                   /usr/lib/jvm/java-21-openjdk-amd64/lib/server/libjvm.so
73715b3e5000-73715b4b8000 r--p 013e5000 103:02 5780137                   /usr/lib/jvm/java-21-openjdk-amd64/lib/server/libjvm.so
73715b4b8000-73715b4e8000 rw-p 014b8000 103:02 5780137                   /usr/lib/jvm/java-21-openjdk-amd64/lib/server/libjvm.so
73715b4e8000-73715b54e000 rw-p 00000000 00:00 0 
73715b556000-73715b55a000 r--p 00000000 103:02 5780129                   /usr/lib/jvm/java-21-openjdk-amd64/lib/libverify.so
73715b55a000-73715b561000 r-xp 00004000 103:02 5780129                   /usr/lib/jvm/java-21-openjdk-amd64/lib/libverify.so
73715b561000-73715b563000 r--p 0000b000 103:02 5780129                   /usr/lib/jvm/java-21-openjdk-amd64/lib/libverify.so
73715b563000-73715b565000 r--p 0000c000 103:02 5780129                   /usr/lib/jvm/java-21-openjdk-amd64/lib/libverify.so
73715b565000-73715b566000 rw-p 0000e000 103:02 5780129                   /usr/lib/jvm/java-21-openjdk-amd64/lib/libverify.so
73715b566000-73715b568000 r--p 00000000 103:02 5780130                   /usr/lib/jvm/java-21-openjdk-amd64/lib/libzip.so
73715b568000-73715b56d000 r-xp 00002000 103:02 5780130                   /usr/lib/jvm/java-21-openjdk-amd64/lib/libzip.so
73715b56d000-73715b56f000 r--p 00007000 103:02 5780130                   /usr/lib/jvm/java-21-openjdk-amd64/lib/libzip.so
73715b56f000-73715b570000 r--p 00008000 103:02 5780130                   /usr/lib/jvm/java-21-openjdk-amd64/lib/libzip.so
73715b570000-73715b571000 rw-p 00009000 103:02 5780130                   /usr/lib/jvm/java-21-openjdk-amd64/lib/libzip.so
73715b571000-73715b574000 r--p 00000000 103:02 5780122                   /usr/lib/jvm/java-21-openjdk-amd64/lib/libnet.so
73715b574000-73715b57c000 r-xp 00003000 103:02 5780122                   /usr/lib/jvm/java-21-openjdk-amd64/lib/libnet.so
73715b57c000-73715b57e000 r--p 0000b000 103:02 5780122                   /usr/lib/jvm/java-21-openjdk-amd64/lib/libnet.so
73715b57e000-73715b57f000 r--p 0000c000 103:02 5780122                   /usr/lib/jvm/java-21-openjdk-amd64/lib/libnet.so
73715b57f000-73715b580000 rw-p 0000d000 103:02 5780122                   /usr/lib/jvm/java-21-openjdk-amd64/lib/libnet.so
73715b580000-73715b600000 rw-p 00000000 00:00 0 
73715b600000-73715b628000 r--p 00000000 103:02 5278519                   /usr/lib/x86_64-linux-gnu/libc.so.6
73715b628000-73715b7b0000 r-xp 00028000 103:02 5278519                   /usr/lib/x86_64-linux-gnu/libc.so.6
73715b7b0000-73715b7ff000 r--p 001b0000 103:02 5278519                   /usr/lib/x86_64-linux-gnu/libc.so.6
73715b7ff000-73715b803000 r--p 001fe000 103:02 5278519                   /usr/lib/x86_64-linux-gnu/libc.so.6
73715b803000-73715b805000 rw-p 00202000 103:02 5278519                   /usr/lib/x86_64-linux-gnu/libc.so.6
73715b805000-73715b812000 rw-p 00000000 00:00 0 
73715b813000-73715b81a000 r--p 00000000 103:02 5780123                   /usr/lib/jvm/java-21-openjdk-amd64/lib/libnio.so
73715b81a000-73715b823000 r-xp 00007000 103:02 5780123                   /usr/lib/jvm/java-21-openjdk-amd64/lib/libnio.so
73715b823000-73715b827000 r--p 00010000 103:02 5780123                   /usr/lib/jvm/java-21-openjdk-amd64/lib/libnio.so
73715b827000-73715b828000 r--p 00014000 103:02 5780123                   /usr/lib/jvm/java-21-openjdk-amd64/lib/libnio.so
73715b828000-73715b829000 rw-p 00015000 103:02 5780123                   /usr/lib/jvm/java-21-openjdk-amd64/lib/libnio.so
73715b829000-73715b86f000 rw-p 00000000 00:00 0 
73715b86f000-73715b876000 ---p 00000000 00:00 0 
73715b876000-73715b883000 r--p 00000000 103:02 5780108                   /usr/lib/jvm/java-21-openjdk-amd64/lib/libjava.so
73715b883000-73715b892000 r-xp 0000d000 103:02 5780108                   /usr/lib/jvm/java-21-openjdk-amd64/lib/libjava.so
73715b892000-73715b897000 r--p 0001c000 103:02 5780108                   /usr/lib/jvm/java-21-openjdk-amd64/lib/libjava.so
73715b897000-73715b898000 r--p 00021000 103:02 5780108                   /usr/lib/jvm/java-21-openjdk-amd64/lib/libjava.so
73715b898000-73715b899000 rw-p 00022000 103:02 5780108                   /usr/lib/jvm/java-21-openjdk-amd64/lib/libjava.so
73715b899000-73715b89a000 rw-p 00000000 00:00 0 
73715b89a000-73715b8a2000 rw-s 00000000 103:02 15991114                  /tmp/hsperfdata_phoenix/623171
73715b8a2000-73715b8a6000 r--p 00000000 103:02 5252499                   /usr/lib/x86_64-linux-gnu/libgcc_s.so.1
73715b8a6000-73715b8ca000 r-xp 00004000 103:02 5252499                   /usr/lib/x86_64-linux-gnu/libgcc_s.so.1
73715b8ca000-73715b8ce000 r--p 00028000 103:02 5252499                   /usr/lib/x86_64-linux-gnu/libgcc_s.so.1
73715b8ce000-73715b8cf000 r--p 0002b000 103:02 5252499                   /usr/lib/x86_64-linux-gnu/libgcc_s.so.1
73715b8cf000-73715b8d0000 rw-p 0002c000 103:02 5252499                   /usr/lib/x86_64-linux-gnu/libgcc_s.so.1
73715b8d0000-73715b8d2000 rw-p 00000000 00:00 0 
73715b8d2000-73715b8d4000 r--p 00000000 103:02 5780112                   /usr/lib/jvm/java-21-openjdk-amd64/lib/libjli.so
73715b8d4000-73715b8de000 r-xp 00002000 103:02 5780112                   /usr/lib/jvm/java-21-openjdk-amd64/lib/libjli.so
73715b8de000-73715b8e1000 r--p 0000c000 103:02 5780112                   /usr/lib/jvm/java-21-openjdk-amd64/lib/libjli.so
73715b8e1000-73715b8e2000 r--p 0000f000 103:02 5780112                   /usr/lib/jvm/java-21-openjdk-amd64/lib/libjli.so
73715b8e2000-73715b8e3000 rw-p 00010000 103:02 5780112                   /usr/lib/jvm/java-21-openjdk-amd64/lib/libjli.so
73715b8e3000-73715b8e5000 r--p 00000000 103:02 5254932                   /usr/lib/x86_64-linux-gnu/libz.so.1.3
73715b8e5000-73715b8f7000 r-xp 00002000 103:02 5254932                   /usr/lib/x86_64-linux-gnu/libz.so.1.3
73715b8f7000-73715b8fd000 r--p 00014000 103:02 5254932                   /usr/lib/x86_64-linux-gnu/libz.so.1.3
73715b8fd000-73715b8fe000 r--p 0001a000 103:02 5254932                   /usr/lib/x86_64-linux-gnu/libz.so.1.3
73715b8fe000-73715b8ff000 rw-p 0001b000 103:02 5254932                   /usr/lib/x86_64-linux-gnu/libz.so.1.3
73715b8ff000-73715b906000 r--s 00000000 103:02 5278508                   /usr/lib/x86_64-linux-gnu/gconv/gconv-modules.cache
73715b906000-73715b907000 ---p 00000000 00:00 0 
73715b907000-73715b908000 r--p 00000000 00:00 0 
73715b908000-73715b909000 ---p 00000000 00:00 0 
73715b909000-73715b90b000 r--p 00000000 103:02 5780111                   /usr/lib/jvm/java-21-openjdk-amd64/lib/libjimage.so
73715b90b000-73715b90e000 r-xp 00002000 103:02 5780111                   /usr/lib/jvm/java-21-openjdk-amd64/lib/libjimage.so
73715b90e000-73715b90f000 r--p 00005000 103:02 5780111                   /usr/lib/jvm/java-21-openjdk-amd64/lib/libjimage.so
73715b90f000-73715b910000 r--p 00006000 103:02 5780111                   /usr/lib/jvm/java-21-openjdk-amd64/lib/libjimage.so
73715b910000-73715b911000 rw-p 00007000 103:02 5780111                   /usr/lib/jvm/java-21-openjdk-amd64/lib/libjimage.so
73715b911000-73715b913000 rw-p 00000000 00:00 0 
73715b913000-73715b917000 r--p 00000000 00:00 0                          [vvar]
73715b917000-73715b919000 r-xp 00000000 00:00 0                          [vdso]
73715b919000-73715b91a000 r--p 00000000 103:02 5278516                   /usr/lib/x86_64-linux-gnu/ld-linux-x86-64.so.2
73715b91a000-73715b945000 r-xp 00001000 103:02 5278516                   /usr/lib/x86_64-linux-gnu/ld-linux-x86-64.so.2
73715b945000-73715b94f000 r--p 0002c000 103:02 5278516                   /usr/lib/x86_64-linux-gnu/ld-linux-x86-64.so.2
73715b94f000-73715b951000 r--p 00036000 103:02 5278516                   /usr/lib/x86_64-linux-gnu/ld-linux-x86-64.so.2
73715b951000-73715b953000 rw-p 00038000 103:02 5278516                   /usr/lib/x86_64-linux-gnu/ld-linux-x86-64.so.2
7ffc12f8f000-7ffc12fb1000 rw-p 00000000 00:00 0                          [stack]
ffffffffff600000-ffffffffff601000 --xp 00000000 00:00 0                  [vsyscall]
Total number of mappings: 258


VM Arguments:
jvm_args: -Djansi.mode=force -Dclassworlds.conf=/usr/share/maven/bin/m2.conf -Dmaven.home=/usr/share/maven -Dlibrary.jansi.path=/usr/share/maven/lib/jansi-native -Dmaven.multiModuleProjectDirectory=/home/phoenix/IdeaProjects/spring-boot-demo 
java_command: org.codehaus.plexus.classworlds.launcher.Launcher clean package
java_class_path (initial): /usr/share/maven/boot/plexus-classworlds-2.x.jar
Launcher Type: SUN_STANDARD

[Global flags]
     intx CICompilerCount                          = 4                                         {product} {ergonomic}
     uint ConcGCThreads                            = 3                                         {product} {ergonomic}
     uint G1ConcRefinementThreads                  = 10                                        {product} {ergonomic}
   size_t G1HeapRegionSize                         = 2097152                                   {product} {ergonomic}
    uintx GCDrainStackTargetSize                   = 64                                        {product} {ergonomic}
   size_t InitialHeapSize                          = 260046848                                 {product} {ergonomic}
   size_t MarkStackSize                            = 4194304                                   {product} {ergonomic}
   size_t MaxHeapSize                              = 4154458112                                {product} {ergonomic}
   size_t MaxNewSize                               = 2491416576                                {product} {ergonomic}
   size_t MinHeapDeltaBytes                        = 2097152                                   {product} {ergonomic}
   size_t MinHeapSize                              = 8388608                                   {product} {ergonomic}
    uintx NonNMethodCodeHeapSize                   = 5839372                                {pd product} {ergonomic}
    uintx NonProfiledCodeHeapSize                  = 122909434                              {pd product} {ergonomic}
    uintx ProfiledCodeHeapSize                     = 122909434                              {pd product} {ergonomic}
    uintx ReservedCodeCacheSize                    = 251658240                              {pd product} {ergonomic}
     bool SegmentedCodeCache                       = true                                      {product} {ergonomic}
   size_t SoftMaxHeapSize                          = 4154458112                             {manageable} {ergonomic}
     bool UseCompressedOops                        = true                           {product lp64_product} {ergonomic}
     bool UseG1GC                                  = true                                      {product} {ergonomic}

Logging:
Log output configuration:
 #0: stdout all=warning uptime,level,tags foldmultilines=false
 #1: stderr all=off uptime,level,tags foldmultilines=false

Environment Variables:
PATH=/usr/local/sbin:/usr/local/bin:/usr/sbin:/usr/bin:/sbin:/bin:/usr/games:/usr/local/games:/snap/bin:/snap/bin:/usr/local/go/bin:/home/phoenix/go/bin:/usr/share/maven/bin:/opt/maven/bin
USERNAME=phoenix
SHELL=/usr/bin/zsh
DISPLAY=:1
LANG=en_US.UTF-8
TERM=xterm-256color

Active Locale:
LC_ALL=en_US.UTF-8
LC_COLLATE=en_US.UTF-8
LC_CTYPE=en_US.UTF-8
LC_MESSAGES=en_US.UTF-8
LC_MONETARY=en_US.UTF-8
LC_NUMERIC=en_US.UTF-8
LC_TIME=en_US.UTF-8

Signal Handlers:
   SIGSEGV: crash_handler in libjvm.so, mask=11100100010111111101111111111110, flags=SA_RESTART|SA_SIGINFO, unblocked
    SIGBUS: crash_handler in libjvm.so, mask=11100100010111111101111111111110, flags=SA_RESTART|SA_SIGINFO, unblocked
    SIGFPE: crash_handler in libjvm.so, mask=11100100010111111101111111111110, flags=SA_RESTART|SA_SIGINFO, unblocked
   SIGPIPE: javaSignalHandler in libjvm.so, mask=11100100010111111101111111111110, flags=SA_RESTART|SA_SIGINFO, blocked
   SIGXFSZ: javaSignalHandler in libjvm.so, mask=11100100010111111101111111111110, flags=SA_RESTART|SA_SIGINFO, blocked
    SIGILL: crash_handler in libjvm.so, mask=11100100010111111101111111111110, flags=SA_RESTART|SA_SIGINFO, unblocked
   SIGUSR2: SR_handler in libjvm.so, mask=00000000000000000000000000000000, flags=SA_RESTART|SA_SIGINFO, blocked
    SIGHUP: UserHandler in libjvm.so, mask=11100100010111111101111111111110, flags=SA_RESTART|SA_SIGINFO, blocked
    SIGINT: UserHandler in libjvm.so, mask=11100100010111111101111111111110, flags=SA_RESTART|SA_SIGINFO, blocked
   SIGTERM: UserHandler in libjvm.so, mask=11100100010111111101111111111110, flags=SA_RESTART|SA_SIGINFO, blocked
   SIGQUIT: UserHandler in libjvm.so, mask=11100100010111111101111111111110, flags=SA_RESTART|SA_SIGINFO, blocked
   SIGTRAP: crash_handler in libjvm.so, mask=11100100010111111101111111111110, flags=SA_RESTART|SA_SIGINFO, unblocked


Periodic native trim disabled

---------------  S Y S T E M  ---------------

OS:
DISTRIB_ID=Ubuntu
DISTRIB_RELEASE=24.04
DISTRIB_CODENAME=noble
DISTRIB_DESCRIPTION="Ubuntu 24.04.2 LTS"
uname: Linux 6.11.0-19-generic #19~24.04.1-Ubuntu SMP PREEMPT_DYNAMIC Mon Feb 17 11:51:52 UTC 2 x86_64
OS uptime: 0 days 6:30 hours
libc: glibc 2.39 NPTL 2.39 
rlimit (soft/hard): STACK 8192k/infinity , CORE 0k/infinity , NPROC 62886/62886 , NOFILE 1048576/1048576 , AS infinity/infinity , CPU infinity/infinity , DATA infinity/infinity , FSIZE infinity/infinity , MEMLOCK 2027668k/2027668k
load average: 4.22 2.06 1.29

/proc/meminfo:
MemTotal:       16221348 kB
MemFree:         1061576 kB
MemAvailable:    7411008 kB
Buffers:          137268 kB
Cached:          7163228 kB
SwapCached:          128 kB
Active:         10307808 kB
Inactive:        3696904 kB
Active(anon):    7498588 kB
Inactive(anon):   145028 kB
Active(file):    2809220 kB
Inactive(file):  3551876 kB
Unevictable:      122052 kB
Mlocked:              64 kB
SwapTotal:       4194300 kB
SwapFree:        4193788 kB
Zswap:                 0 kB
Zswapped:              0 kB
Dirty:             37444 kB
Writeback:             0 kB
AnonPages:       6826508 kB
Mapped:          1951900 kB
Shmem:            939400 kB
KReclaimable:     346412 kB
Slab:             665004 kB
SReclaimable:     346412 kB
SUnreclaim:       318592 kB
KernelStack:       28096 kB
PageTables:        77068 kB
SecPageTables:      5900 kB
NFS_Unstable:          0 kB
Bounce:                0 kB
WritebackTmp:          0 kB
CommitLimit:    12304972 kB
Committed_AS:   31601644 kB
VmallocTotal:   34359738367 kB
VmallocUsed:      141568 kB
VmallocChunk:          0 kB
Percpu:            12960 kB
HardwareCorrupted:     0 kB
AnonHugePages:         0 kB
ShmemHugePages:   538624 kB
ShmemPmdMapped:        0 kB
FileHugePages:         0 kB
FilePmdMapped:         0 kB
Unaccepted:            0 kB
HugePages_Total:       0
HugePages_Free:        0
HugePages_Rsvd:        0
HugePages_Surp:        0
Hugepagesize:       2048 kB
Hugetlb:               0 kB
DirectMap4k:      558236 kB
DirectMap2M:     9775104 kB
DirectMap1G:     6291456 kB

/sys/kernel/mm/transparent_hugepage/enabled: always [madvise] never
/sys/kernel/mm/transparent_hugepage/hpage_pmd_size: 2097152
/sys/kernel/mm/transparent_hugepage/defrag (defrag/compaction efforts parameter): always defer defer+madvise [madvise] never

Process Memory:
Virtual Size: 7743972K (peak: 7806528K)
Resident Set Size: 258244K (peak: 258244K) (anon: 226988K, file: 31256K, shmem: 0K)
Swapped out: 0K
C-Heap outstanding allocations: 63934K, retained: 17117K
glibc malloc tunables: (default)

/proc/sys/kernel/threads-max (system-wide limit on the number of threads): 125772
/proc/sys/vm/max_map_count (maximum number of memory map areas a process may have): 1048576
/proc/sys/vm/swappiness (control to define how aggressively the kernel swaps out anonymous memory): 60
/proc/sys/kernel/pid_max (system-wide limit on number of process identifiers): 4194304

container (cgroup) information:
container_type: cgroupv2
cpu_cpuset_cpus: not supported
cpu_memory_nodes: not supported
active_processor_count: 12
cpu_quota: not supported
cpu_period: not supported
cpu_shares: not supported
memory_limit_in_bytes: unlimited
memory_and_swap_limit_in_bytes: unlimited
memory_soft_limit_in_bytes: unlimited
memory_usage_in_bytes: 5764060 k
memory_max_usage_in_bytes: not supported
memory_swap_current_in_bytes: unlimited
memory_swap_max_limit_in_bytes: unlimited
maximum number of tasks: 18865
current number of tasks: 312

Steal ticks since vm start: 0
Steal ticks percentage since vm start:  0.000

CPU: total 12 (initial active 12) (6 cores per cpu, 2 threads per core) family 6 model 158 stepping 10 microcode 0xfa, cx8, cmov, fxsr, ht, mmx, 3dnowpref, sse, sse2, sse3, ssse3, sse4.1, sse4.2, popcnt, lzcnt, tsc, tscinvbit, avx, avx2, aes, erms, clmul, bmi1, bmi2, adx, fma, vzeroupper, clflush, clflushopt, rdtscp, f16c
CPU Model and flags from /proc/cpuinfo:
model name	: Intel(R) Core(TM) i7-9750H CPU @ 2.60GHz
flags		: fpu vme de pse tsc msr pae mce cx8 apic sep mtrr pge mca cmov pat pse36 clflush dts acpi mmx fxsr sse sse2 ss ht tm pbe syscall nx pdpe1gb rdtscp lm constant_tsc art arch_perfmon pebs bts rep_good nopl xtopology nonstop_tsc cpuid aperfmperf pni pclmulqdq dtes64 monitor ds_cpl vmx est tm2 ssse3 sdbg fma cx16 xtpr pdcm pcid sse4_1 sse4_2 x2apic movbe popcnt tsc_deadline_timer aes xsave avx f16c rdrand lahf_lm abm 3dnowprefetch cpuid_fault epb pti ssbd ibrs ibpb stibp tpr_shadow flexpriority ept vpid ept_ad fsgsbase tsc_adjust bmi1 avx2 smep bmi2 erms invpcid mpx rdseed adx smap clflushopt intel_pt xsaveopt xsavec xgetbv1 xsaves dtherm ida arat pln pts hwp hwp_notify hwp_act_window hwp_epp vnmi md_clear flush_l1d arch_capabilities

Online cpus: 0-11
Offline cpus: 
BIOS frequency limitation: <Not Available>
Frequency switch latency (ns): 0
Available cpu frequencies: <Not Available>
Current governor: powersave
Core performance/turbo boost: <Not Available>

Memory: 4k page, physical 16221348k(7406976k free), swap 4194300k(4193788k free)
Page Sizes: 4k

vm_info: OpenJDK 64-Bit Server VM (21.0.6+7-Ubuntu-124.04.1) for linux-amd64 JRE (21.0.6+7-Ubuntu-124.04.1), built on 2025-01-23T22:52:35Z by "buildd" with gcc 13.3.0

END.
